[0.033s] Invoking command in '/home/adri/magang2_ws/build/vtol': CMAKE_PREFIX_PATH=/opt/ros/humble /usr/bin/cmake /home/adri/magang2_ws/src/vtol -DCMAKE_INSTALL_PREFIX=/home/adri/magang2_ws/install/vtol
[0.145s] -- The C compiler identification is GNU 11.4.0
[0.252s] -- The CXX compiler identification is GNU 11.4.0
[0.270s] -- Detecting C compiler ABI info
[0.411s] -- Detecting C compiler ABI info - done
[0.419s] -- Check for working C compiler: /usr/bin/cc - skipped
[0.420s] -- Detecting C compile features
[0.421s] -- Detecting C compile features - done
[0.431s] -- Detecting CXX compiler ABI info
[0.616s] -- Detecting CXX compiler ABI info - done
[0.627s] -- Check for working CXX compiler: /usr/bin/c++ - skipped
[0.628s] -- Detecting CXX compile features
[0.628s] -- Detecting CXX compile features - done
[0.629s] -- Found ament_cmake: 1.3.12 (/opt/ros/humble/share/ament_cmake/cmake)
[0.877s] -- Found Python3: /usr/bin/python3 (found version "3.10.12") found components: Interpreter 
[1.018s] -- Found rclcpp: 16.0.17 (/opt/ros/humble/share/rclcpp/cmake)
[1.077s] -- Found rosidl_generator_c: 3.1.8 (/opt/ros/humble/share/rosidl_generator_c/cmake)
[1.084s] -- Found rosidl_adapter: 3.1.8 (/opt/ros/humble/share/rosidl_adapter/cmake)
[1.096s] -- Found rosidl_generator_cpp: 3.1.8 (/opt/ros/humble/share/rosidl_generator_cpp/cmake)
[1.112s] -- Using all available rosidl_typesupport_c: rosidl_typesupport_fastrtps_c;rosidl_typesupport_introspection_c
[1.134s] -- Using all available rosidl_typesupport_cpp: rosidl_typesupport_fastrtps_cpp;rosidl_typesupport_introspection_cpp
[1.200s] -- Found rmw_implementation_cmake: 6.1.2 (/opt/ros/humble/share/rmw_implementation_cmake/cmake)
[1.203s] -- Found rmw_fastrtps_cpp: 6.2.9 (/opt/ros/humble/share/rmw_fastrtps_cpp/cmake)
[1.380s] -- Found OpenSSL: /usr/lib/x86_64-linux-gnu/libcrypto.so (found version "3.0.2")  
[1.418s] -- Found FastRTPS: /opt/ros/humble/include  
[1.482s] -- Using RMW implementation 'rmw_fastrtps_cpp' as default
[1.492s] -- Looking for pthread.h
[1.636s] -- Looking for pthread.h - found
[1.638s] -- Performing Test CMAKE_HAVE_LIBC_PTHREAD
[1.791s] -- Performing Test CMAKE_HAVE_LIBC_PTHREAD - Success
[1.796s] -- Found Threads: TRUE  
[1.872s] -- Found ament_lint_auto: 0.12.14 (/opt/ros/humble/share/ament_lint_auto/cmake)
[2.020s] -- Added test 'cppcheck' to perform static code analysis on C / C++ code
[2.020s] -- Configured cppcheck include dirs: 
[2.020s] -- Configured cppcheck exclude dirs and/or files: 
[2.022s] -- Added test 'flake8' to check Python code syntax and style conventions
[2.026s] -- Added test 'lint_cmake' to check CMake code style
[2.028s] -- Added test 'pep257' to check Python code against some of the docstring style conventions in PEP 257
[2.039s] -- Added test 'uncrustify' to check C / C++ code style
[2.039s] -- Configured uncrustify additional arguments: 
[2.042s] -- Added test 'xmllint' to check XML markup files
[2.044s] -- Configuring done
[2.059s] -- Generating done
[2.065s] -- Build files have been written to: /home/adri/magang2_ws/build/vtol
[2.082s] Invoked command in '/home/adri/magang2_ws/build/vtol' returned '0': CMAKE_PREFIX_PATH=/opt/ros/humble /usr/bin/cmake /home/adri/magang2_ws/src/vtol -DCMAKE_INSTALL_PREFIX=/home/adri/magang2_ws/install/vtol
[2.082s] Invoking command in '/home/adri/magang2_ws/build/vtol': CMAKE_PREFIX_PATH=/opt/ros/humble /usr/bin/cmake --build /home/adri/magang2_ws/build/vtol -- -j4 -l4
[2.180s] [ 50%] [32mBuilding CXX object CMakeFiles/publisher_node.dir/src/publisher.cpp.o[0m
[11.163s] [100%] [32m[1mLinking CXX executable publisher_node[0m
[11.481s] [100%] Built target publisher_node
[11.507s] Invoked command in '/home/adri/magang2_ws/build/vtol' returned '0': CMAKE_PREFIX_PATH=/opt/ros/humble /usr/bin/cmake --build /home/adri/magang2_ws/build/vtol -- -j4 -l4
[11.530s] Invoking command in '/home/adri/magang2_ws/build/vtol': CMAKE_PREFIX_PATH=/opt/ros/humble /usr/bin/cmake --install /home/adri/magang2_ws/build/vtol
[11.542s] -- Install configuration: ""
[11.542s] -- Installing: /home/adri/magang2_ws/install/vtol/lib/vtol/publisher_node
[11.545s] -- Set runtime path of "/home/adri/magang2_ws/install/vtol/lib/vtol/publisher_node" to ""
[11.545s] -- Installing: /home/adri/magang2_ws/install/vtol/share/ament_index/resource_index/package_run_dependencies/vtol
[11.545s] -- Installing: /home/adri/magang2_ws/install/vtol/share/ament_index/resource_index/parent_prefix_path/vtol
[11.545s] -- Installing: /home/adri/magang2_ws/install/vtol/share/vtol/environment/ament_prefix_path.sh
[11.545s] -- Installing: /home/adri/magang2_ws/install/vtol/share/vtol/environment/ament_prefix_path.dsv
[11.545s] -- Installing: /home/adri/magang2_ws/install/vtol/share/vtol/environment/path.sh
[11.546s] -- Installing: /home/adri/magang2_ws/install/vtol/share/vtol/environment/path.dsv
[11.546s] -- Installing: /home/adri/magang2_ws/install/vtol/share/vtol/local_setup.bash
[11.546s] -- Installing: /home/adri/magang2_ws/install/vtol/share/vtol/local_setup.sh
[11.546s] -- Installing: /home/adri/magang2_ws/install/vtol/share/vtol/local_setup.zsh
[11.546s] -- Installing: /home/adri/magang2_ws/install/vtol/share/vtol/local_setup.dsv
[11.546s] -- Installing: /home/adri/magang2_ws/install/vtol/share/vtol/package.dsv
[11.547s] -- Installing: /home/adri/magang2_ws/install/vtol/share/ament_index/resource_index/packages/vtol
[11.547s] -- Installing: /home/adri/magang2_ws/install/vtol/share/vtol/cmake/vtolConfig.cmake
[11.547s] -- Installing: /home/adri/magang2_ws/install/vtol/share/vtol/cmake/vtolConfig-version.cmake
[11.548s] -- Installing: /home/adri/magang2_ws/install/vtol/share/vtol/package.xml
[11.553s] Invoked command in '/home/adri/magang2_ws/build/vtol' returned '0': CMAKE_PREFIX_PATH=/opt/ros/humble /usr/bin/cmake --install /home/adri/magang2_ws/build/vtol
