[0.104s] DEBUG:colcon:Command line arguments: ['/usr/bin/colcon', 'build']
[0.104s] DEBUG:colcon:Parsed command line arguments: Namespace(log_base=None, log_level=None, verb_name='build', build_base='build', install_base='install', merge_install=False, symlink_install=False, test_result_base=None, continue_on_error=False, executor='parallel', parallel_workers=4, event_handlers=None, ignore_user_meta=False, metas=['./colcon.meta'], base_paths=['.'], packages_ignore=None, packages_ignore_regex=None, paths=None, packages_up_to=None, packages_up_to_regex=None, packages_above=None, packages_above_and_dependencies=None, packages_above_depth=None, packages_select_by_dep=None, packages_skip_by_dep=None, packages_skip_up_to=None, packages_select_build_failed=False, packages_skip_build_finished=False, packages_select_test_failures=False, packages_skip_test_passed=False, packages_select=None, packages_skip=None, packages_select_regex=None, packages_skip_regex=None, packages_start=None, packages_end=None, allow_overriding=[], cmake_args=None, cmake_target=None, cmake_target_skip_unavailable=False, cmake_clean_cache=False, cmake_clean_first=False, cmake_force_configure=False, ament_cmake_args=None, catkin_cmake_args=None, catkin_skip_building_tests=False, mixin_files=None, mixin=None, verb_parser=<colcon_mixin.mixin.mixin_argument.MixinArgumentDecorator object at 0x7e9281155300>, verb_extension=<colcon_core.verb.build.BuildVerb object at 0x7e9281154d90>, main=<bound method BuildVerb.main of <colcon_core.verb.build.BuildVerb object at 0x7e9281154d90>>, mixin_verb=('build',))
[0.254s] Level 1:colcon.colcon_core.package_discovery:discover_packages(colcon_meta) check parameters
[0.255s] Level 1:colcon.colcon_core.package_discovery:discover_packages(recursive) check parameters
[0.255s] Level 1:colcon.colcon_core.package_discovery:discover_packages(ignore) check parameters
[0.255s] Level 1:colcon.colcon_core.package_discovery:discover_packages(path) check parameters
[0.255s] Level 1:colcon.colcon_core.package_discovery:discover_packages(colcon_meta) discover
[0.255s] Level 1:colcon.colcon_core.package_discovery:discover_packages(recursive) discover
[0.255s] INFO:colcon.colcon_core.package_discovery:Crawling recursively for packages in '/home/adri/magang2_ws'
[0.255s] Level 1:colcon.colcon_core.package_identification:_identify(.) by extensions ['ignore', 'ignore_ament_install']
[0.255s] Level 1:colcon.colcon_core.package_identification:_identify(.) by extension 'ignore'
[0.255s] Level 1:colcon.colcon_core.package_identification:_identify(.) by extension 'ignore_ament_install'
[0.255s] Level 1:colcon.colcon_core.package_identification:_identify(.) by extensions ['colcon_pkg']
[0.255s] Level 1:colcon.colcon_core.package_identification:_identify(.) by extension 'colcon_pkg'
[0.256s] Level 1:colcon.colcon_core.package_identification:_identify(.) by extensions ['colcon_meta']
[0.256s] Level 1:colcon.colcon_core.package_identification:_identify(.) by extension 'colcon_meta'
[0.256s] Level 1:colcon.colcon_core.package_identification:_identify(.) by extensions ['ros']
[0.256s] Level 1:colcon.colcon_core.package_identification:_identify(.) by extension 'ros'
[0.273s] Level 1:colcon.colcon_core.package_identification:_identify(.) by extensions ['cmake', 'python']
[0.273s] Level 1:colcon.colcon_core.package_identification:_identify(.) by extension 'cmake'
[0.274s] Level 1:colcon.colcon_core.package_identification:_identify(.) by extension 'python'
[0.274s] Level 1:colcon.colcon_core.package_identification:_identify(.) by extensions ['python_setup_py']
[0.274s] Level 1:colcon.colcon_core.package_identification:_identify(.) by extension 'python_setup_py'
[0.274s] Level 1:colcon.colcon_core.package_identification:_identify(build) by extensions ['ignore', 'ignore_ament_install']
[0.274s] Level 1:colcon.colcon_core.package_identification:_identify(build) by extension 'ignore'
[0.274s] Level 1:colcon.colcon_core.package_identification:_identify(build) ignored
[0.274s] Level 1:colcon.colcon_core.package_identification:_identify(install) by extensions ['ignore', 'ignore_ament_install']
[0.275s] Level 1:colcon.colcon_core.package_identification:_identify(install) by extension 'ignore'
[0.275s] Level 1:colcon.colcon_core.package_identification:_identify(install) ignored
[0.275s] Level 1:colcon.colcon_core.package_identification:_identify(log) by extensions ['ignore', 'ignore_ament_install']
[0.275s] Level 1:colcon.colcon_core.package_identification:_identify(log) by extension 'ignore'
[0.275s] Level 1:colcon.colcon_core.package_identification:_identify(log) ignored
[0.275s] Level 1:colcon.colcon_core.package_identification:_identify(src) by extensions ['ignore', 'ignore_ament_install']
[0.275s] Level 1:colcon.colcon_core.package_identification:_identify(src) by extension 'ignore'
[0.275s] Level 1:colcon.colcon_core.package_identification:_identify(src) by extension 'ignore_ament_install'
[0.275s] Level 1:colcon.colcon_core.package_identification:_identify(src) by extensions ['colcon_pkg']
[0.275s] Level 1:colcon.colcon_core.package_identification:_identify(src) by extension 'colcon_pkg'
[0.275s] Level 1:colcon.colcon_core.package_identification:_identify(src) by extensions ['colcon_meta']
[0.275s] Level 1:colcon.colcon_core.package_identification:_identify(src) by extension 'colcon_meta'
[0.275s] Level 1:colcon.colcon_core.package_identification:_identify(src) by extensions ['ros']
[0.275s] Level 1:colcon.colcon_core.package_identification:_identify(src) by extension 'ros'
[0.275s] Level 1:colcon.colcon_core.package_identification:_identify(src) by extensions ['cmake', 'python']
[0.275s] Level 1:colcon.colcon_core.package_identification:_identify(src) by extension 'cmake'
[0.275s] Level 1:colcon.colcon_core.package_identification:_identify(src) by extension 'python'
[0.275s] Level 1:colcon.colcon_core.package_identification:_identify(src) by extensions ['python_setup_py']
[0.275s] Level 1:colcon.colcon_core.package_identification:_identify(src) by extension 'python_setup_py'
[0.275s] Level 1:colcon.colcon_core.package_identification:_identify(src/vtol) by extensions ['ignore', 'ignore_ament_install']
[0.275s] Level 1:colcon.colcon_core.package_identification:_identify(src/vtol) by extension 'ignore'
[0.276s] Level 1:colcon.colcon_core.package_identification:_identify(src/vtol) by extension 'ignore_ament_install'
[0.276s] Level 1:colcon.colcon_core.package_identification:_identify(src/vtol) by extensions ['colcon_pkg']
[0.276s] Level 1:colcon.colcon_core.package_identification:_identify(src/vtol) by extension 'colcon_pkg'
[0.276s] Level 1:colcon.colcon_core.package_identification:_identify(src/vtol) by extensions ['colcon_meta']
[0.276s] Level 1:colcon.colcon_core.package_identification:_identify(src/vtol) by extension 'colcon_meta'
[0.276s] Level 1:colcon.colcon_core.package_identification:_identify(src/vtol) by extensions ['ros']
[0.276s] Level 1:colcon.colcon_core.package_identification:_identify(src/vtol) by extension 'ros'
[0.280s] DEBUG:colcon.colcon_core.package_identification:Package 'src/vtol' with type 'ros.ament_cmake' and name 'vtol'
[0.280s] Level 1:colcon.colcon_core.package_discovery:discover_packages(recursive) using defaults
[0.280s] Level 1:colcon.colcon_core.package_discovery:discover_packages(ignore) discover
[0.280s] Level 1:colcon.colcon_core.package_discovery:discover_packages(ignore) using defaults
[0.280s] Level 1:colcon.colcon_core.package_discovery:discover_packages(path) discover
[0.280s] Level 1:colcon.colcon_core.package_discovery:discover_packages(path) using defaults
[0.318s] Level 1:colcon.colcon_core.package_discovery:discover_packages(prefix_path) check parameters
[0.318s] Level 1:colcon.colcon_core.package_discovery:discover_packages(prefix_path) discover
[0.320s] DEBUG:colcon.colcon_installed_package_information.package_discovery:Found 1 installed packages in /home/adri/magang2_ws/install
[0.321s] DEBUG:colcon.colcon_installed_package_information.package_discovery:Found 272 installed packages in /opt/ros/humble
[0.322s] Level 1:colcon.colcon_core.package_discovery:discover_packages(prefix_path) using defaults
[0.354s] Level 5:colcon.colcon_core.verb:set package 'vtol' build argument 'cmake_args' from command line to 'None'
[0.355s] Level 5:colcon.colcon_core.verb:set package 'vtol' build argument 'cmake_target' from command line to 'None'
[0.355s] Level 5:colcon.colcon_core.verb:set package 'vtol' build argument 'cmake_target_skip_unavailable' from command line to 'False'
[0.355s] Level 5:colcon.colcon_core.verb:set package 'vtol' build argument 'cmake_clean_cache' from command line to 'False'
[0.355s] Level 5:colcon.colcon_core.verb:set package 'vtol' build argument 'cmake_clean_first' from command line to 'False'
[0.355s] Level 5:colcon.colcon_core.verb:set package 'vtol' build argument 'cmake_force_configure' from command line to 'False'
[0.355s] Level 5:colcon.colcon_core.verb:set package 'vtol' build argument 'ament_cmake_args' from command line to 'None'
[0.355s] Level 5:colcon.colcon_core.verb:set package 'vtol' build argument 'catkin_cmake_args' from command line to 'None'
[0.355s] Level 5:colcon.colcon_core.verb:set package 'vtol' build argument 'catkin_skip_building_tests' from command line to 'False'
[0.355s] DEBUG:colcon.colcon_core.verb:Building package 'vtol' with the following arguments: {'ament_cmake_args': None, 'build_base': '/home/adri/magang2_ws/build/vtol', 'catkin_cmake_args': None, 'catkin_skip_building_tests': False, 'cmake_args': None, 'cmake_clean_cache': False, 'cmake_clean_first': False, 'cmake_force_configure': False, 'cmake_target': None, 'cmake_target_skip_unavailable': False, 'install_base': '/home/adri/magang2_ws/install/vtol', 'merge_install': False, 'path': '/home/adri/magang2_ws/src/vtol', 'symlink_install': False, 'test_result_base': None}
[0.355s] INFO:colcon.colcon_core.executor:Executing jobs using 'parallel' executor
[0.358s] DEBUG:colcon.colcon_parallel_executor.executor.parallel:run_until_complete
[0.359s] INFO:colcon.colcon_ros.task.ament_cmake.build:Building ROS package in '/home/adri/magang2_ws/src/vtol' with build type 'ament_cmake'
[0.359s] INFO:colcon.colcon_cmake.task.cmake.build:Building CMake package in '/home/adri/magang2_ws/src/vtol'
[0.364s] INFO:colcon.colcon_core.plugin_system:Skipping extension 'colcon_core.shell.bat': Not used on non-Windows systems
[0.364s] INFO:colcon.colcon_core.shell:Skip shell extension 'powershell' for command environment: Not usable outside of PowerShell
[0.364s] DEBUG:colcon.colcon_core.shell:Skip shell extension 'dsv' for command environment
[0.402s] DEBUG:colcon.colcon_core.event_handler.log_command:Invoking command in '/home/adri/magang2_ws/build/vtol': CMAKE_PREFIX_PATH=${CMAKE_PREFIX_PATH}:/opt/ros/humble /usr/bin/cmake --build /home/adri/magang2_ws/build/vtol -- -j4 -l4
[10.366s] DEBUG:colcon.colcon_core.event_handler.log_command:Invoked command in '/home/adri/magang2_ws/build/vtol' returned '0': CMAKE_PREFIX_PATH=${CMAKE_PREFIX_PATH}:/opt/ros/humble /usr/bin/cmake --build /home/adri/magang2_ws/build/vtol -- -j4 -l4
[10.385s] DEBUG:colcon.colcon_core.event_handler.log_command:Invoking command in '/home/adri/magang2_ws/build/vtol': CMAKE_PREFIX_PATH=${CMAKE_PREFIX_PATH}:/opt/ros/humble /usr/bin/cmake --install /home/adri/magang2_ws/build/vtol
[10.408s] Level 1:colcon.colcon_core.environment:create_environment_scripts_only(vtol)
[10.411s] DEBUG:colcon.colcon_core.event_handler.log_command:Invoked command in '/home/adri/magang2_ws/build/vtol' returned '0': CMAKE_PREFIX_PATH=${CMAKE_PREFIX_PATH}:/opt/ros/humble /usr/bin/cmake --install /home/adri/magang2_ws/build/vtol
[10.414s] Level 1:colcon.colcon_core.environment:checking '/home/adri/magang2_ws/install/vtol' for CMake module files
[10.415s] Level 1:colcon.colcon_core.environment:checking '/home/adri/magang2_ws/install/vtol' for CMake config files
[10.415s] Level 1:colcon.colcon_core.shell:create_environment_hook('vtol', 'cmake_prefix_path')
[10.415s] INFO:colcon.colcon_core.shell:Creating environment hook '/home/adri/magang2_ws/install/vtol/share/vtol/hook/cmake_prefix_path.ps1'
[10.416s] INFO:colcon.colcon_core.shell:Creating environment descriptor '/home/adri/magang2_ws/install/vtol/share/vtol/hook/cmake_prefix_path.dsv'
[10.417s] INFO:colcon.colcon_core.shell:Creating environment hook '/home/adri/magang2_ws/install/vtol/share/vtol/hook/cmake_prefix_path.sh'
[10.418s] Level 1:colcon.colcon_core.environment:checking '/home/adri/magang2_ws/install/vtol/lib'
[10.419s] Level 1:colcon.colcon_core.environment:checking '/home/adri/magang2_ws/install/vtol/bin'
[10.419s] Level 1:colcon.colcon_core.environment:checking '/home/adri/magang2_ws/install/vtol/lib/pkgconfig/vtol.pc'
[10.419s] Level 1:colcon.colcon_core.environment:checking '/home/adri/magang2_ws/install/vtol/lib/python3.10/site-packages'
[10.420s] Level 1:colcon.colcon_core.environment:checking '/home/adri/magang2_ws/install/vtol/bin'
[10.420s] INFO:colcon.colcon_core.shell:Creating package script '/home/adri/magang2_ws/install/vtol/share/vtol/package.ps1'
[10.422s] INFO:colcon.colcon_core.shell:Creating package descriptor '/home/adri/magang2_ws/install/vtol/share/vtol/package.dsv'
[10.423s] INFO:colcon.colcon_core.shell:Creating package script '/home/adri/magang2_ws/install/vtol/share/vtol/package.sh'
[10.424s] INFO:colcon.colcon_core.shell:Creating package script '/home/adri/magang2_ws/install/vtol/share/vtol/package.bash'
[10.424s] INFO:colcon.colcon_core.shell:Creating package script '/home/adri/magang2_ws/install/vtol/share/vtol/package.zsh'
[10.425s] Level 1:colcon.colcon_core.environment:create_file_with_runtime_dependencies(/home/adri/magang2_ws/install/vtol/share/colcon-core/packages/vtol)
[10.426s] Level 1:colcon.colcon_core.environment:create_environment_scripts_only(vtol)
[10.426s] Level 1:colcon.colcon_core.environment:checking '/home/adri/magang2_ws/install/vtol' for CMake module files
[10.427s] Level 1:colcon.colcon_core.environment:checking '/home/adri/magang2_ws/install/vtol' for CMake config files
[10.427s] Level 1:colcon.colcon_core.shell:create_environment_hook('vtol', 'cmake_prefix_path')
[10.427s] INFO:colcon.colcon_core.shell:Creating environment hook '/home/adri/magang2_ws/install/vtol/share/vtol/hook/cmake_prefix_path.ps1'
[10.427s] INFO:colcon.colcon_core.shell:Creating environment descriptor '/home/adri/magang2_ws/install/vtol/share/vtol/hook/cmake_prefix_path.dsv'
[10.428s] INFO:colcon.colcon_core.shell:Creating environment hook '/home/adri/magang2_ws/install/vtol/share/vtol/hook/cmake_prefix_path.sh'
[10.429s] Level 1:colcon.colcon_core.environment:checking '/home/adri/magang2_ws/install/vtol/lib'
[10.429s] Level 1:colcon.colcon_core.environment:checking '/home/adri/magang2_ws/install/vtol/bin'
[10.429s] Level 1:colcon.colcon_core.environment:checking '/home/adri/magang2_ws/install/vtol/lib/pkgconfig/vtol.pc'
[10.430s] Level 1:colcon.colcon_core.environment:checking '/home/adri/magang2_ws/install/vtol/lib/python3.10/site-packages'
[10.430s] Level 1:colcon.colcon_core.environment:checking '/home/adri/magang2_ws/install/vtol/bin'
[10.431s] INFO:colcon.colcon_core.shell:Creating package script '/home/adri/magang2_ws/install/vtol/share/vtol/package.ps1'
[10.432s] INFO:colcon.colcon_core.shell:Creating package descriptor '/home/adri/magang2_ws/install/vtol/share/vtol/package.dsv'
[10.433s] INFO:colcon.colcon_core.shell:Creating package script '/home/adri/magang2_ws/install/vtol/share/vtol/package.sh'
[10.434s] INFO:colcon.colcon_core.shell:Creating package script '/home/adri/magang2_ws/install/vtol/share/vtol/package.bash'
[10.436s] INFO:colcon.colcon_core.shell:Creating package script '/home/adri/magang2_ws/install/vtol/share/vtol/package.zsh'
[10.437s] Level 1:colcon.colcon_core.environment:create_file_with_runtime_dependencies(/home/adri/magang2_ws/install/vtol/share/colcon-core/packages/vtol)
[10.437s] DEBUG:colcon.colcon_parallel_executor.executor.parallel:closing loop
[10.437s] DEBUG:colcon.colcon_parallel_executor.executor.parallel:loop closed
[10.437s] DEBUG:colcon.colcon_parallel_executor.executor.parallel:run_until_complete finished with '0'
[10.438s] DEBUG:colcon.colcon_core.event_reactor:joining thread
[10.445s] INFO:colcon.colcon_core.plugin_system:Skipping extension 'colcon_notification.desktop_notification.terminal_notifier': Not used on non-Darwin systems
[10.446s] INFO:colcon.colcon_core.plugin_system:Skipping extension 'colcon_notification.desktop_notification.win32': Not used on non-Windows systems
[10.446s] INFO:colcon.colcon_notification.desktop_notification:Sending desktop notification using 'notify2'
[10.464s] DEBUG:colcon.colcon_core.event_reactor:joined thread
[10.465s] INFO:colcon.colcon_core.shell:Creating prefix script '/home/adri/magang2_ws/install/local_setup.ps1'
[10.477s] INFO:colcon.colcon_core.shell:Creating prefix util module '/home/adri/magang2_ws/install/_local_setup_util_ps1.py'
[10.478s] INFO:colcon.colcon_core.shell:Creating prefix chain script '/home/adri/magang2_ws/install/setup.ps1'
[10.480s] INFO:colcon.colcon_core.shell:Creating prefix script '/home/adri/magang2_ws/install/local_setup.sh'
[10.481s] INFO:colcon.colcon_core.shell:Creating prefix util module '/home/adri/magang2_ws/install/_local_setup_util_sh.py'
[10.483s] INFO:colcon.colcon_core.shell:Creating prefix chain script '/home/adri/magang2_ws/install/setup.sh'
[10.485s] INFO:colcon.colcon_core.shell:Creating prefix script '/home/adri/magang2_ws/install/local_setup.bash'
[10.486s] INFO:colcon.colcon_core.shell:Creating prefix chain script '/home/adri/magang2_ws/install/setup.bash'
[10.488s] INFO:colcon.colcon_core.shell:Creating prefix script '/home/adri/magang2_ws/install/local_setup.zsh'
[10.489s] INFO:colcon.colcon_core.shell:Creating prefix chain script '/home/adri/magang2_ws/install/setup.zsh'
