[35m[1mConsolidate compiler generated dependencies of target publisher_node[0m
[35m[1mConsolidate compiler generated dependencies of target suscriber_node[0m
[ 50%] Built target publisher_node
[ 75%] [32mBuilding CXX object CMakeFiles/suscriber_node.dir/src/suscriber.cpp.o[0m
[100%] [32m[1mLinking CXX executable suscriber_node[0m
[100%] Built target suscriber_node
-- Install configuration: ""
-- Installing: /home/adri/magang2_ws/install/vtol/lib/vtol/publisher_node
-- Set runtime path of "/home/adri/magang2_ws/install/vtol/lib/vtol/publisher_node" to ""
-- Installing: /home/adri/magang2_ws/install/vtol/lib/vtol/suscriber_node
-- Set runtime path of "/home/adri/magang2_ws/install/vtol/lib/vtol/suscriber_node" to ""
-- Up-to-date: /home/adri/magang2_ws/install/vtol/share/ament_index/resource_index/package_run_dependencies/vtol
-- Up-to-date: /home/adri/magang2_ws/install/vtol/share/ament_index/resource_index/parent_prefix_path/vtol
-- Up-to-date: /home/adri/magang2_ws/install/vtol/share/vtol/environment/ament_prefix_path.sh
-- Up-to-date: /home/adri/magang2_ws/install/vtol/share/vtol/environment/ament_prefix_path.dsv
-- Up-to-date: /home/adri/magang2_ws/install/vtol/share/vtol/environment/path.sh
-- Up-to-date: /home/adri/magang2_ws/install/vtol/share/vtol/environment/path.dsv
-- Up-to-date: /home/adri/magang2_ws/install/vtol/share/vtol/local_setup.bash
-- Up-to-date: /home/adri/magang2_ws/install/vtol/share/vtol/local_setup.sh
-- Up-to-date: /home/adri/magang2_ws/install/vtol/share/vtol/local_setup.zsh
-- Up-to-date: /home/adri/magang2_ws/install/vtol/share/vtol/local_setup.dsv
-- Installing: /home/adri/magang2_ws/install/vtol/share/vtol/package.dsv
-- Up-to-date: /home/adri/magang2_ws/install/vtol/share/ament_index/resource_index/packages/vtol
-- Up-to-date: /home/adri/magang2_ws/install/vtol/share/vtol/cmake/vtolConfig.cmake
-- Up-to-date: /home/adri/magang2_ws/install/vtol/share/vtol/cmake/vtolConfig-version.cmake
-- Up-to-date: /home/adri/magang2_ws/install/vtol/share/vtol/package.xml
