[0.023s] Invoking command in '/home/adri/magang2_ws/build/vtol': CMAKE_PREFIX_PATH=/opt/ros/humble /usr/bin/cmake --build /home/adri/magang2_ws/build/vtol -- -j4 -l4
[0.090s] [35m[1mConsolidate compiler generated dependencies of target publisher_node[0m
[0.090s] [35m[1mConsolidate compiler generated dependencies of target suscriber_node[0m
[0.112s] [ 50%] Built target publisher_node
[0.115s] [ 75%] [32mBuilding CXX object CMakeFiles/suscriber_node.dir/src/suscriber.cpp.o[0m
[8.096s] [100%] [32m[1mLinking CXX executable suscriber_node[0m
[8.502s] [100%] Built target suscriber_node
[8.520s] Invoked command in '/home/adri/magang2_ws/build/vtol' returned '0': CMAKE_PREFIX_PATH=/opt/ros/humble /usr/bin/cmake --build /home/adri/magang2_ws/build/vtol -- -j4 -l4
[8.532s] Invoking command in '/home/adri/magang2_ws/build/vtol': CMAKE_PREFIX_PATH=/opt/ros/humble /usr/bin/cmake --install /home/adri/magang2_ws/build/vtol
[8.543s] -- Install configuration: ""
[8.548s] -- Installing: /home/adri/magang2_ws/install/vtol/lib/vtol/publisher_node
[8.548s] -- Set runtime path of "/home/adri/magang2_ws/install/vtol/lib/vtol/publisher_node" to ""
[8.554s] -- Installing: /home/adri/magang2_ws/install/vtol/lib/vtol/suscriber_node
[8.554s] -- Set runtime path of "/home/adri/magang2_ws/install/vtol/lib/vtol/suscriber_node" to ""
[8.554s] -- Up-to-date: /home/adri/magang2_ws/install/vtol/share/ament_index/resource_index/package_run_dependencies/vtol
[8.554s] -- Up-to-date: /home/adri/magang2_ws/install/vtol/share/ament_index/resource_index/parent_prefix_path/vtol
[8.554s] -- Up-to-date: /home/adri/magang2_ws/install/vtol/share/vtol/environment/ament_prefix_path.sh
[8.555s] -- Up-to-date: /home/adri/magang2_ws/install/vtol/share/vtol/environment/ament_prefix_path.dsv
[8.555s] -- Up-to-date: /home/adri/magang2_ws/install/vtol/share/vtol/environment/path.sh
[8.555s] -- Up-to-date: /home/adri/magang2_ws/install/vtol/share/vtol/environment/path.dsv
[8.555s] -- Up-to-date: /home/adri/magang2_ws/install/vtol/share/vtol/local_setup.bash
[8.555s] -- Up-to-date: /home/adri/magang2_ws/install/vtol/share/vtol/local_setup.sh
[8.555s] -- Up-to-date: /home/adri/magang2_ws/install/vtol/share/vtol/local_setup.zsh
[8.555s] -- Up-to-date: /home/adri/magang2_ws/install/vtol/share/vtol/local_setup.dsv
[8.555s] -- Installing: /home/adri/magang2_ws/install/vtol/share/vtol/package.dsv
[8.557s] -- Up-to-date: /home/adri/magang2_ws/install/vtol/share/ament_index/resource_index/packages/vtol
[8.559s] -- Up-to-date: /home/adri/magang2_ws/install/vtol/share/vtol/cmake/vtolConfig.cmake
[8.559s] -- Up-to-date: /home/adri/magang2_ws/install/vtol/share/vtol/cmake/vtolConfig-version.cmake
[8.559s] -- Up-to-date: /home/adri/magang2_ws/install/vtol/share/vtol/package.xml
[8.562s] Invoked command in '/home/adri/magang2_ws/build/vtol' returned '0': CMAKE_PREFIX_PATH=/opt/ros/humble /usr/bin/cmake --install /home/adri/magang2_ws/build/vtol
