[0.043s] Invoking command in '/home/adri/magang2_ws/build/vtol': CMAKE_PREFIX_PATH=/opt/ros/humble /usr/bin/cmake --build /home/adri/magang2_ws/build/vtol -- -j4 -l4
[0.189s] -- Found ament_cmake: 1.3.12 (/opt/ros/humble/share/ament_cmake/cmake)
[0.414s] -- Found rclcpp: 16.0.17 (/opt/ros/humble/share/rclcpp/cmake)
[0.525s] -- Found rosidl_generator_c: 3.1.8 (/opt/ros/humble/share/rosidl_generator_c/cmake)
[0.534s] -- Found rosidl_adapter: 3.1.8 (/opt/ros/humble/share/rosidl_adapter/cmake)
[0.565s] -- Found rosidl_generator_cpp: 3.1.8 (/opt/ros/humble/share/rosidl_generator_cpp/cmake)
[0.602s] -- Using all available rosidl_typesupport_c: rosidl_typesupport_fastrtps_c;rosidl_typesupport_introspection_c
[0.666s] -- Using all available rosidl_typesupport_cpp: rosidl_typesupport_fastrtps_cpp;rosidl_typesupport_introspection_cpp
[0.774s] -- Found rmw_implementation_cmake: 6.1.2 (/opt/ros/humble/share/rmw_implementation_cmake/cmake)
[0.784s] -- Found rmw_fastrtps_cpp: 6.2.9 (/opt/ros/humble/share/rmw_fastrtps_cpp/cmake)
[0.950s] -- Using RMW implementation 'rmw_fastrtps_cpp' as default
[1.082s] [31mCMake Error at CMakeLists.txt:24 (install):
[1.082s]   install TARGETS given target "suscriber_node" which does not exist.
[1.082s] 
[1.082s] [0m
[1.084s] -- Found ament_lint_auto: 0.12.14 (/opt/ros/humble/share/ament_lint_auto/cmake)
[1.207s] -- Added test 'cppcheck' to perform static code analysis on C / C++ code
[1.208s] -- Configured cppcheck include dirs: 
[1.208s] -- Configured cppcheck exclude dirs and/or files: 
[1.208s] -- Added test 'flake8' to check Python code syntax and style conventions
[1.211s] -- Added test 'lint_cmake' to check CMake code style
[1.213s] -- Added test 'pep257' to check Python code against some of the docstring style conventions in PEP 257
[1.222s] -- Added test 'uncrustify' to check C / C++ code style
[1.222s] -- Configured uncrustify additional arguments: 
[1.225s] -- Added test 'xmllint' to check XML markup files
[1.232s] -- Configuring incomplete, errors occurred!
[1.233s] See also "/home/adri/magang2_ws/build/vtol/CMakeFiles/CMakeOutput.log".
[1.239s] gmake: *** [Makefile:267: cmake_check_build_system] Error 1
[1.242s] Invoked command in '/home/adri/magang2_ws/build/vtol' returned '2': CMAKE_PREFIX_PATH=/opt/ros/humble /usr/bin/cmake --build /home/adri/magang2_ws/build/vtol -- -j4 -l4
