[0.105s] DEBUG:colcon:Command line arguments: ['/usr/bin/colcon', 'build']
[0.105s] DEBUG:colcon:Parsed command line arguments: Namespace(log_base=None, log_level=None, verb_name='build', build_base='build', install_base='install', merge_install=False, symlink_install=False, test_result_base=None, continue_on_error=False, executor='parallel', parallel_workers=4, event_handlers=None, ignore_user_meta=False, metas=['./colcon.meta'], base_paths=['.'], packages_ignore=None, packages_ignore_regex=None, paths=None, packages_up_to=None, packages_up_to_regex=None, packages_above=None, packages_above_and_dependencies=None, packages_above_depth=None, packages_select_by_dep=None, packages_skip_by_dep=None, packages_skip_up_to=None, packages_select_build_failed=False, packages_skip_build_finished=False, packages_select_test_failures=False, packages_skip_test_passed=False, packages_select=None, packages_skip=None, packages_select_regex=None, packages_skip_regex=None, packages_start=None, packages_end=None, allow_overriding=[], cmake_args=None, cmake_target=None, cmake_target_skip_unavailable=False, cmake_clean_cache=False, cmake_clean_first=False, cmake_force_configure=False, ament_cmake_args=None, catkin_cmake_args=None, catkin_skip_building_tests=False, mixin_files=None, mixin=None, verb_parser=<colcon_mixin.mixin.mixin_argument.MixinArgumentDecorator object at 0x7c8855d55300>, verb_extension=<colcon_core.verb.build.BuildVerb object at 0x7c8855d54d90>, main=<bound method BuildVerb.main of <colcon_core.verb.build.BuildVerb object at 0x7c8855d54d90>>, mixin_verb=('build',))
[0.257s] Level 1:colcon.colcon_core.package_discovery:discover_packages(colcon_meta) check parameters
[0.257s] Level 1:colcon.colcon_core.package_discovery:discover_packages(recursive) check parameters
[0.257s] Level 1:colcon.colcon_core.package_discovery:discover_packages(ignore) check parameters
[0.257s] Level 1:colcon.colcon_core.package_discovery:discover_packages(path) check parameters
[0.257s] Level 1:colcon.colcon_core.package_discovery:discover_packages(colcon_meta) discover
[0.258s] Level 1:colcon.colcon_core.package_discovery:discover_packages(recursive) discover
[0.258s] INFO:colcon.colcon_core.package_discovery:Crawling recursively for packages in '/home/adri/magang2_ws'
[0.258s] Level 1:colcon.colcon_core.package_identification:_identify(.) by extensions ['ignore', 'ignore_ament_install']
[0.258s] Level 1:colcon.colcon_core.package_identification:_identify(.) by extension 'ignore'
[0.258s] Level 1:colcon.colcon_core.package_identification:_identify(.) by extension 'ignore_ament_install'
[0.258s] Level 1:colcon.colcon_core.package_identification:_identify(.) by extensions ['colcon_pkg']
[0.258s] Level 1:colcon.colcon_core.package_identification:_identify(.) by extension 'colcon_pkg'
[0.259s] Level 1:colcon.colcon_core.package_identification:_identify(.) by extensions ['colcon_meta']
[0.259s] Level 1:colcon.colcon_core.package_identification:_identify(.) by extension 'colcon_meta'
[0.259s] Level 1:colcon.colcon_core.package_identification:_identify(.) by extensions ['ros']
[0.259s] Level 1:colcon.colcon_core.package_identification:_identify(.) by extension 'ros'
[0.279s] Level 1:colcon.colcon_core.package_identification:_identify(.) by extensions ['cmake', 'python']
[0.279s] Level 1:colcon.colcon_core.package_identification:_identify(.) by extension 'cmake'
[0.279s] Level 1:colcon.colcon_core.package_identification:_identify(.) by extension 'python'
[0.279s] Level 1:colcon.colcon_core.package_identification:_identify(.) by extensions ['python_setup_py']
[0.279s] Level 1:colcon.colcon_core.package_identification:_identify(.) by extension 'python_setup_py'
[0.279s] Level 1:colcon.colcon_core.package_identification:_identify(build) by extensions ['ignore', 'ignore_ament_install']
[0.280s] Level 1:colcon.colcon_core.package_identification:_identify(build) by extension 'ignore'
[0.280s] Level 1:colcon.colcon_core.package_identification:_identify(build) ignored
[0.280s] Level 1:colcon.colcon_core.package_identification:_identify(install) by extensions ['ignore', 'ignore_ament_install']
[0.280s] Level 1:colcon.colcon_core.package_identification:_identify(install) by extension 'ignore'
[0.280s] Level 1:colcon.colcon_core.package_identification:_identify(install) ignored
[0.281s] Level 1:colcon.colcon_core.package_identification:_identify(log) by extensions ['ignore', 'ignore_ament_install']
[0.281s] Level 1:colcon.colcon_core.package_identification:_identify(log) by extension 'ignore'
[0.281s] Level 1:colcon.colcon_core.package_identification:_identify(log) ignored
[0.281s] Level 1:colcon.colcon_core.package_identification:_identify(src) by extensions ['ignore', 'ignore_ament_install']
[0.281s] Level 1:colcon.colcon_core.package_identification:_identify(src) by extension 'ignore'
[0.281s] Level 1:colcon.colcon_core.package_identification:_identify(src) by extension 'ignore_ament_install'
[0.281s] Level 1:colcon.colcon_core.package_identification:_identify(src) by extensions ['colcon_pkg']
[0.281s] Level 1:colcon.colcon_core.package_identification:_identify(src) by extension 'colcon_pkg'
[0.281s] Level 1:colcon.colcon_core.package_identification:_identify(src) by extensions ['colcon_meta']
[0.281s] Level 1:colcon.colcon_core.package_identification:_identify(src) by extension 'colcon_meta'
[0.281s] Level 1:colcon.colcon_core.package_identification:_identify(src) by extensions ['ros']
[0.281s] Level 1:colcon.colcon_core.package_identification:_identify(src) by extension 'ros'
[0.281s] Level 1:colcon.colcon_core.package_identification:_identify(src) by extensions ['cmake', 'python']
[0.281s] Level 1:colcon.colcon_core.package_identification:_identify(src) by extension 'cmake'
[0.282s] Level 1:colcon.colcon_core.package_identification:_identify(src) by extension 'python'
[0.282s] Level 1:colcon.colcon_core.package_identification:_identify(src) by extensions ['python_setup_py']
[0.282s] Level 1:colcon.colcon_core.package_identification:_identify(src) by extension 'python_setup_py'
[0.282s] Level 1:colcon.colcon_core.package_identification:_identify(src/vtol) by extensions ['ignore', 'ignore_ament_install']
[0.282s] Level 1:colcon.colcon_core.package_identification:_identify(src/vtol) by extension 'ignore'
[0.282s] Level 1:colcon.colcon_core.package_identification:_identify(src/vtol) by extension 'ignore_ament_install'
[0.282s] Level 1:colcon.colcon_core.package_identification:_identify(src/vtol) by extensions ['colcon_pkg']
[0.282s] Level 1:colcon.colcon_core.package_identification:_identify(src/vtol) by extension 'colcon_pkg'
[0.282s] Level 1:colcon.colcon_core.package_identification:_identify(src/vtol) by extensions ['colcon_meta']
[0.282s] Level 1:colcon.colcon_core.package_identification:_identify(src/vtol) by extension 'colcon_meta'
[0.282s] Level 1:colcon.colcon_core.package_identification:_identify(src/vtol) by extensions ['ros']
[0.282s] Level 1:colcon.colcon_core.package_identification:_identify(src/vtol) by extension 'ros'
[0.286s] DEBUG:colcon.colcon_core.package_identification:Package 'src/vtol' with type 'ros.ament_cmake' and name 'vtol'
[0.286s] Level 1:colcon.colcon_core.package_discovery:discover_packages(recursive) using defaults
[0.286s] Level 1:colcon.colcon_core.package_discovery:discover_packages(ignore) discover
[0.286s] Level 1:colcon.colcon_core.package_discovery:discover_packages(ignore) using defaults
[0.286s] Level 1:colcon.colcon_core.package_discovery:discover_packages(path) discover
[0.286s] Level 1:colcon.colcon_core.package_discovery:discover_packages(path) using defaults
[0.323s] Level 1:colcon.colcon_core.package_discovery:discover_packages(prefix_path) check parameters
[0.323s] Level 1:colcon.colcon_core.package_discovery:discover_packages(prefix_path) discover
[0.325s] DEBUG:colcon.colcon_installed_package_information.package_discovery:Found 1 installed packages in /home/adri/magang2_ws/install
[0.326s] DEBUG:colcon.colcon_installed_package_information.package_discovery:Found 272 installed packages in /opt/ros/humble
[0.328s] Level 1:colcon.colcon_core.package_discovery:discover_packages(prefix_path) using defaults
[0.368s] Level 5:colcon.colcon_core.verb:set package 'vtol' build argument 'cmake_args' from command line to 'None'
[0.368s] Level 5:colcon.colcon_core.verb:set package 'vtol' build argument 'cmake_target' from command line to 'None'
[0.368s] Level 5:colcon.colcon_core.verb:set package 'vtol' build argument 'cmake_target_skip_unavailable' from command line to 'False'
[0.368s] Level 5:colcon.colcon_core.verb:set package 'vtol' build argument 'cmake_clean_cache' from command line to 'False'
[0.368s] Level 5:colcon.colcon_core.verb:set package 'vtol' build argument 'cmake_clean_first' from command line to 'False'
[0.368s] Level 5:colcon.colcon_core.verb:set package 'vtol' build argument 'cmake_force_configure' from command line to 'False'
[0.368s] Level 5:colcon.colcon_core.verb:set package 'vtol' build argument 'ament_cmake_args' from command line to 'None'
[0.368s] Level 5:colcon.colcon_core.verb:set package 'vtol' build argument 'catkin_cmake_args' from command line to 'None'
[0.368s] Level 5:colcon.colcon_core.verb:set package 'vtol' build argument 'catkin_skip_building_tests' from command line to 'False'
[0.368s] DEBUG:colcon.colcon_core.verb:Building package 'vtol' with the following arguments: {'ament_cmake_args': None, 'build_base': '/home/adri/magang2_ws/build/vtol', 'catkin_cmake_args': None, 'catkin_skip_building_tests': False, 'cmake_args': None, 'cmake_clean_cache': False, 'cmake_clean_first': False, 'cmake_force_configure': False, 'cmake_target': None, 'cmake_target_skip_unavailable': False, 'install_base': '/home/adri/magang2_ws/install/vtol', 'merge_install': False, 'path': '/home/adri/magang2_ws/src/vtol', 'symlink_install': False, 'test_result_base': None}
[0.368s] INFO:colcon.colcon_core.executor:Executing jobs using 'parallel' executor
[0.371s] DEBUG:colcon.colcon_parallel_executor.executor.parallel:run_until_complete
[0.372s] INFO:colcon.colcon_ros.task.ament_cmake.build:Building ROS package in '/home/adri/magang2_ws/src/vtol' with build type 'ament_cmake'
[0.372s] INFO:colcon.colcon_cmake.task.cmake.build:Building CMake package in '/home/adri/magang2_ws/src/vtol'
[0.378s] INFO:colcon.colcon_core.plugin_system:Skipping extension 'colcon_core.shell.bat': Not used on non-Windows systems
[0.378s] INFO:colcon.colcon_core.shell:Skip shell extension 'powershell' for command environment: Not usable outside of PowerShell
[0.378s] DEBUG:colcon.colcon_core.shell:Skip shell extension 'dsv' for command environment
[0.400s] DEBUG:colcon.colcon_core.event_handler.log_command:Invoking command in '/home/adri/magang2_ws/build/vtol': CMAKE_PREFIX_PATH=${CMAKE_PREFIX_PATH}:/opt/ros/humble /usr/bin/cmake --build /home/adri/magang2_ws/build/vtol -- -j4 -l4
[6.263s] Level 1:colcon.colcon_core.environment:create_environment_scripts_only(vtol)
[6.264s] DEBUG:colcon.colcon_core.event_handler.log_command:Invoked command in '/home/adri/magang2_ws/build/vtol' returned '2': CMAKE_PREFIX_PATH=${CMAKE_PREFIX_PATH}:/opt/ros/humble /usr/bin/cmake --build /home/adri/magang2_ws/build/vtol -- -j4 -l4
[6.267s] Level 1:colcon.colcon_core.environment:checking '/home/adri/magang2_ws/install/vtol' for CMake module files
[6.267s] Level 1:colcon.colcon_core.environment:checking '/home/adri/magang2_ws/install/vtol' for CMake config files
[6.268s] Level 1:colcon.colcon_core.shell:create_environment_hook('vtol', 'cmake_prefix_path')
[6.268s] INFO:colcon.colcon_core.shell:Creating environment hook '/home/adri/magang2_ws/install/vtol/share/vtol/hook/cmake_prefix_path.ps1'
[6.269s] INFO:colcon.colcon_core.shell:Creating environment descriptor '/home/adri/magang2_ws/install/vtol/share/vtol/hook/cmake_prefix_path.dsv'
[6.270s] INFO:colcon.colcon_core.shell:Creating environment hook '/home/adri/magang2_ws/install/vtol/share/vtol/hook/cmake_prefix_path.sh'
[6.271s] Level 1:colcon.colcon_core.environment:checking '/home/adri/magang2_ws/install/vtol/lib'
[6.272s] Level 1:colcon.colcon_core.environment:checking '/home/adri/magang2_ws/install/vtol/bin'
[6.272s] Level 1:colcon.colcon_core.environment:checking '/home/adri/magang2_ws/install/vtol/lib/pkgconfig/vtol.pc'
[6.272s] Level 1:colcon.colcon_core.environment:checking '/home/adri/magang2_ws/install/vtol/lib/python3.10/site-packages'
[6.273s] Level 1:colcon.colcon_core.environment:checking '/home/adri/magang2_ws/install/vtol/bin'
[6.273s] INFO:colcon.colcon_core.shell:Creating package script '/home/adri/magang2_ws/install/vtol/share/vtol/package.ps1'
[6.274s] INFO:colcon.colcon_core.shell:Creating package descriptor '/home/adri/magang2_ws/install/vtol/share/vtol/package.dsv'
[6.275s] INFO:colcon.colcon_core.shell:Creating package script '/home/adri/magang2_ws/install/vtol/share/vtol/package.sh'
[6.277s] INFO:colcon.colcon_core.shell:Creating package script '/home/adri/magang2_ws/install/vtol/share/vtol/package.bash'
[6.278s] INFO:colcon.colcon_core.shell:Creating package script '/home/adri/magang2_ws/install/vtol/share/vtol/package.zsh'
[6.279s] Level 1:colcon.colcon_core.environment:create_file_with_runtime_dependencies(/home/adri/magang2_ws/install/vtol/share/colcon-core/packages/vtol)
[6.291s] DEBUG:colcon.colcon_parallel_executor.executor.parallel:closing loop
[6.292s] DEBUG:colcon.colcon_parallel_executor.executor.parallel:loop closed
[6.292s] DEBUG:colcon.colcon_parallel_executor.executor.parallel:run_until_complete finished with '2'
[6.292s] DEBUG:colcon.colcon_core.event_reactor:joining thread
[6.302s] INFO:colcon.colcon_core.plugin_system:Skipping extension 'colcon_notification.desktop_notification.terminal_notifier': Not used on non-Darwin systems
[6.302s] INFO:colcon.colcon_core.plugin_system:Skipping extension 'colcon_notification.desktop_notification.win32': Not used on non-Windows systems
[6.302s] INFO:colcon.colcon_notification.desktop_notification:Sending desktop notification using 'notify2'
[6.319s] DEBUG:colcon.colcon_core.event_reactor:joined thread
[6.321s] INFO:colcon.colcon_core.shell:Creating prefix script '/home/adri/magang2_ws/install/local_setup.ps1'
[6.323s] INFO:colcon.colcon_core.shell:Creating prefix util module '/home/adri/magang2_ws/install/_local_setup_util_ps1.py'
[6.325s] INFO:colcon.colcon_core.shell:Creating prefix chain script '/home/adri/magang2_ws/install/setup.ps1'
[6.326s] INFO:colcon.colcon_core.shell:Creating prefix script '/home/adri/magang2_ws/install/local_setup.sh'
[6.327s] INFO:colcon.colcon_core.shell:Creating prefix util module '/home/adri/magang2_ws/install/_local_setup_util_sh.py'
[6.328s] INFO:colcon.colcon_core.shell:Creating prefix chain script '/home/adri/magang2_ws/install/setup.sh'
[6.329s] INFO:colcon.colcon_core.shell:Creating prefix script '/home/adri/magang2_ws/install/local_setup.bash'
[6.330s] INFO:colcon.colcon_core.shell:Creating prefix chain script '/home/adri/magang2_ws/install/setup.bash'
[6.331s] INFO:colcon.colcon_core.shell:Creating prefix script '/home/adri/magang2_ws/install/local_setup.zsh'
[6.332s] INFO:colcon.colcon_core.shell:Creating prefix chain script '/home/adri/magang2_ws/install/setup.zsh'
