[0.086s] DEBUG:colcon:Command line arguments: ['/usr/bin/colcon', 'build']
[0.087s] DEBUG:colcon:Parsed command line arguments: Namespace(log_base=None, log_level=None, verb_name='build', build_base='build', install_base='install', merge_install=False, symlink_install=False, test_result_base=None, continue_on_error=False, executor='parallel', parallel_workers=4, event_handlers=None, ignore_user_meta=False, metas=['./colcon.meta'], base_paths=['.'], packages_ignore=None, packages_ignore_regex=None, paths=None, packages_up_to=None, packages_up_to_regex=None, packages_above=None, packages_above_and_dependencies=None, packages_above_depth=None, packages_select_by_dep=None, packages_skip_by_dep=None, packages_skip_up_to=None, packages_select_build_failed=False, packages_skip_build_finished=False, packages_select_test_failures=False, packages_skip_test_passed=False, packages_select=None, packages_skip=None, packages_select_regex=None, packages_skip_regex=None, packages_start=None, packages_end=None, allow_overriding=[], cmake_args=None, cmake_target=None, cmake_target_skip_unavailable=False, cmake_clean_cache=False, cmake_clean_first=False, cmake_force_configure=False, ament_cmake_args=None, catkin_cmake_args=None, catkin_skip_building_tests=False, mixin_files=None, mixin=None, verb_parser=<colcon_mixin.mixin.mixin_argument.MixinArgumentDecorator object at 0x7d22bb3d1300>, verb_extension=<colcon_core.verb.build.BuildVerb object at 0x7d22bb3d0d90>, main=<bound method BuildVerb.main of <colcon_core.verb.build.BuildVerb object at 0x7d22bb3d0d90>>, mixin_verb=('build',))
[0.226s] Level 1:colcon.colcon_core.package_discovery:discover_packages(colcon_meta) check parameters
[0.230s] Level 1:colcon.colcon_core.package_discovery:discover_packages(recursive) check parameters
[0.230s] Level 1:colcon.colcon_core.package_discovery:discover_packages(ignore) check parameters
[0.231s] Level 1:colcon.colcon_core.package_discovery:discover_packages(path) check parameters
[0.231s] Level 1:colcon.colcon_core.package_discovery:discover_packages(colcon_meta) discover
[0.231s] Level 1:colcon.colcon_core.package_discovery:discover_packages(recursive) discover
[0.231s] INFO:colcon.colcon_core.package_discovery:Crawling recursively for packages in '/home/adri/magang2_ws'
[0.232s] Level 1:colcon.colcon_core.package_identification:_identify(.) by extensions ['ignore', 'ignore_ament_install']
[0.232s] Level 1:colcon.colcon_core.package_identification:_identify(.) by extension 'ignore'
[0.232s] Level 1:colcon.colcon_core.package_identification:_identify(.) by extension 'ignore_ament_install'
[0.232s] Level 1:colcon.colcon_core.package_identification:_identify(.) by extensions ['colcon_pkg']
[0.232s] Level 1:colcon.colcon_core.package_identification:_identify(.) by extension 'colcon_pkg'
[0.232s] Level 1:colcon.colcon_core.package_identification:_identify(.) by extensions ['colcon_meta']
[0.232s] Level 1:colcon.colcon_core.package_identification:_identify(.) by extension 'colcon_meta'
[0.232s] Level 1:colcon.colcon_core.package_identification:_identify(.) by extensions ['ros']
[0.232s] Level 1:colcon.colcon_core.package_identification:_identify(.) by extension 'ros'
[0.256s] Level 1:colcon.colcon_core.package_identification:_identify(.) by extensions ['cmake', 'python']
[0.256s] Level 1:colcon.colcon_core.package_identification:_identify(.) by extension 'cmake'
[0.256s] Level 1:colcon.colcon_core.package_identification:_identify(.) by extension 'python'
[0.257s] Level 1:colcon.colcon_core.package_identification:_identify(.) by extensions ['python_setup_py']
[0.257s] Level 1:colcon.colcon_core.package_identification:_identify(.) by extension 'python_setup_py'
[0.257s] Level 1:colcon.colcon_core.package_identification:_identify(build) by extensions ['ignore', 'ignore_ament_install']
[0.258s] Level 1:colcon.colcon_core.package_identification:_identify(build) by extension 'ignore'
[0.258s] Level 1:colcon.colcon_core.package_identification:_identify(build) ignored
[0.258s] Level 1:colcon.colcon_core.package_identification:_identify(install) by extensions ['ignore', 'ignore_ament_install']
[0.258s] Level 1:colcon.colcon_core.package_identification:_identify(install) by extension 'ignore'
[0.258s] Level 1:colcon.colcon_core.package_identification:_identify(install) ignored
[0.259s] Level 1:colcon.colcon_core.package_identification:_identify(log) by extensions ['ignore', 'ignore_ament_install']
[0.259s] Level 1:colcon.colcon_core.package_identification:_identify(log) by extension 'ignore'
[0.259s] Level 1:colcon.colcon_core.package_identification:_identify(log) ignored
[0.259s] Level 1:colcon.colcon_core.package_identification:_identify(src) by extensions ['ignore', 'ignore_ament_install']
[0.260s] Level 1:colcon.colcon_core.package_identification:_identify(src) by extension 'ignore'
[0.260s] Level 1:colcon.colcon_core.package_identification:_identify(src) by extension 'ignore_ament_install'
[0.260s] Level 1:colcon.colcon_core.package_identification:_identify(src) by extensions ['colcon_pkg']
[0.260s] Level 1:colcon.colcon_core.package_identification:_identify(src) by extension 'colcon_pkg'
[0.260s] Level 1:colcon.colcon_core.package_identification:_identify(src) by extensions ['colcon_meta']
[0.260s] Level 1:colcon.colcon_core.package_identification:_identify(src) by extension 'colcon_meta'
[0.260s] Level 1:colcon.colcon_core.package_identification:_identify(src) by extensions ['ros']
[0.260s] Level 1:colcon.colcon_core.package_identification:_identify(src) by extension 'ros'
[0.260s] Level 1:colcon.colcon_core.package_identification:_identify(src) by extensions ['cmake', 'python']
[0.260s] Level 1:colcon.colcon_core.package_identification:_identify(src) by extension 'cmake'
[0.260s] Level 1:colcon.colcon_core.package_identification:_identify(src) by extension 'python'
[0.260s] Level 1:colcon.colcon_core.package_identification:_identify(src) by extensions ['python_setup_py']
[0.260s] Level 1:colcon.colcon_core.package_identification:_identify(src) by extension 'python_setup_py'
[0.260s] Level 1:colcon.colcon_core.package_identification:_identify(src/vtol) by extensions ['ignore', 'ignore_ament_install']
[0.261s] Level 1:colcon.colcon_core.package_identification:_identify(src/vtol) by extension 'ignore'
[0.261s] Level 1:colcon.colcon_core.package_identification:_identify(src/vtol) by extension 'ignore_ament_install'
[0.261s] Level 1:colcon.colcon_core.package_identification:_identify(src/vtol) by extensions ['colcon_pkg']
[0.261s] Level 1:colcon.colcon_core.package_identification:_identify(src/vtol) by extension 'colcon_pkg'
[0.261s] Level 1:colcon.colcon_core.package_identification:_identify(src/vtol) by extensions ['colcon_meta']
[0.261s] Level 1:colcon.colcon_core.package_identification:_identify(src/vtol) by extension 'colcon_meta'
[0.261s] Level 1:colcon.colcon_core.package_identification:_identify(src/vtol) by extensions ['ros']
[0.261s] Level 1:colcon.colcon_core.package_identification:_identify(src/vtol) by extension 'ros'
[0.264s] DEBUG:colcon.colcon_core.package_identification:Package 'src/vtol' with type 'ros.ament_cmake' and name 'vtol'
[0.264s] Level 1:colcon.colcon_core.package_discovery:discover_packages(recursive) using defaults
[0.265s] Level 1:colcon.colcon_core.package_discovery:discover_packages(ignore) discover
[0.265s] Level 1:colcon.colcon_core.package_discovery:discover_packages(ignore) using defaults
[0.265s] Level 1:colcon.colcon_core.package_discovery:discover_packages(path) discover
[0.265s] Level 1:colcon.colcon_core.package_discovery:discover_packages(path) using defaults
[0.294s] Level 1:colcon.colcon_core.package_discovery:discover_packages(prefix_path) check parameters
[0.296s] Level 1:colcon.colcon_core.package_discovery:discover_packages(prefix_path) discover
[0.299s] DEBUG:colcon.colcon_installed_package_information.package_discovery:Found 1 installed packages in /home/adri/magang2_ws/install
[0.301s] DEBUG:colcon.colcon_installed_package_information.package_discovery:Found 272 installed packages in /opt/ros/humble
[0.303s] Level 1:colcon.colcon_core.package_discovery:discover_packages(prefix_path) using defaults
[0.331s] Level 5:colcon.colcon_core.verb:set package 'vtol' build argument 'cmake_args' from command line to 'None'
[0.333s] Level 5:colcon.colcon_core.verb:set package 'vtol' build argument 'cmake_target' from command line to 'None'
[0.334s] Level 5:colcon.colcon_core.verb:set package 'vtol' build argument 'cmake_target_skip_unavailable' from command line to 'False'
[0.334s] Level 5:colcon.colcon_core.verb:set package 'vtol' build argument 'cmake_clean_cache' from command line to 'False'
[0.334s] Level 5:colcon.colcon_core.verb:set package 'vtol' build argument 'cmake_clean_first' from command line to 'False'
[0.334s] Level 5:colcon.colcon_core.verb:set package 'vtol' build argument 'cmake_force_configure' from command line to 'False'
[0.334s] Level 5:colcon.colcon_core.verb:set package 'vtol' build argument 'ament_cmake_args' from command line to 'None'
[0.334s] Level 5:colcon.colcon_core.verb:set package 'vtol' build argument 'catkin_cmake_args' from command line to 'None'
[0.334s] Level 5:colcon.colcon_core.verb:set package 'vtol' build argument 'catkin_skip_building_tests' from command line to 'False'
[0.334s] DEBUG:colcon.colcon_core.verb:Building package 'vtol' with the following arguments: {'ament_cmake_args': None, 'build_base': '/home/adri/magang2_ws/build/vtol', 'catkin_cmake_args': None, 'catkin_skip_building_tests': False, 'cmake_args': None, 'cmake_clean_cache': False, 'cmake_clean_first': False, 'cmake_force_configure': False, 'cmake_target': None, 'cmake_target_skip_unavailable': False, 'install_base': '/home/adri/magang2_ws/install/vtol', 'merge_install': False, 'path': '/home/adri/magang2_ws/src/vtol', 'symlink_install': False, 'test_result_base': None}
[0.334s] INFO:colcon.colcon_core.executor:Executing jobs using 'parallel' executor
[0.337s] DEBUG:colcon.colcon_parallel_executor.executor.parallel:run_until_complete
[0.338s] INFO:colcon.colcon_ros.task.ament_cmake.build:Building ROS package in '/home/adri/magang2_ws/src/vtol' with build type 'ament_cmake'
[0.338s] INFO:colcon.colcon_cmake.task.cmake.build:Building CMake package in '/home/adri/magang2_ws/src/vtol'
[0.343s] INFO:colcon.colcon_core.plugin_system:Skipping extension 'colcon_core.shell.bat': Not used on non-Windows systems
[0.343s] INFO:colcon.colcon_core.shell:Skip shell extension 'powershell' for command environment: Not usable outside of PowerShell
[0.344s] DEBUG:colcon.colcon_core.shell:Skip shell extension 'dsv' for command environment
[0.368s] DEBUG:colcon.colcon_core.event_handler.log_command:Invoking command in '/home/adri/magang2_ws/build/vtol': CMAKE_PREFIX_PATH=${CMAKE_PREFIX_PATH}:/opt/ros/humble /usr/bin/cmake --build /home/adri/magang2_ws/build/vtol -- -j4 -l4
[9.161s] DEBUG:colcon.colcon_core.event_handler.log_command:Invoked command in '/home/adri/magang2_ws/build/vtol' returned '0': CMAKE_PREFIX_PATH=${CMAKE_PREFIX_PATH}:/opt/ros/humble /usr/bin/cmake --build /home/adri/magang2_ws/build/vtol -- -j4 -l4
[9.177s] DEBUG:colcon.colcon_core.event_handler.log_command:Invoking command in '/home/adri/magang2_ws/build/vtol': CMAKE_PREFIX_PATH=${CMAKE_PREFIX_PATH}:/opt/ros/humble /usr/bin/cmake --install /home/adri/magang2_ws/build/vtol
[9.196s] Level 1:colcon.colcon_core.environment:create_environment_scripts_only(vtol)
[9.197s] DEBUG:colcon.colcon_core.event_handler.log_command:Invoked command in '/home/adri/magang2_ws/build/vtol' returned '0': CMAKE_PREFIX_PATH=${CMAKE_PREFIX_PATH}:/opt/ros/humble /usr/bin/cmake --install /home/adri/magang2_ws/build/vtol
[9.203s] Level 1:colcon.colcon_core.environment:checking '/home/adri/magang2_ws/install/vtol' for CMake module files
[9.203s] Level 1:colcon.colcon_core.environment:checking '/home/adri/magang2_ws/install/vtol' for CMake config files
[9.204s] Level 1:colcon.colcon_core.shell:create_environment_hook('vtol', 'cmake_prefix_path')
[9.204s] INFO:colcon.colcon_core.shell:Creating environment hook '/home/adri/magang2_ws/install/vtol/share/vtol/hook/cmake_prefix_path.ps1'
[9.206s] INFO:colcon.colcon_core.shell:Creating environment descriptor '/home/adri/magang2_ws/install/vtol/share/vtol/hook/cmake_prefix_path.dsv'
[9.207s] INFO:colcon.colcon_core.shell:Creating environment hook '/home/adri/magang2_ws/install/vtol/share/vtol/hook/cmake_prefix_path.sh'
[9.208s] Level 1:colcon.colcon_core.environment:checking '/home/adri/magang2_ws/install/vtol/lib'
[9.208s] Level 1:colcon.colcon_core.environment:checking '/home/adri/magang2_ws/install/vtol/bin'
[9.209s] Level 1:colcon.colcon_core.environment:checking '/home/adri/magang2_ws/install/vtol/lib/pkgconfig/vtol.pc'
[9.209s] Level 1:colcon.colcon_core.environment:checking '/home/adri/magang2_ws/install/vtol/lib/python3.10/site-packages'
[9.209s] Level 1:colcon.colcon_core.environment:checking '/home/adri/magang2_ws/install/vtol/bin'
[9.210s] INFO:colcon.colcon_core.shell:Creating package script '/home/adri/magang2_ws/install/vtol/share/vtol/package.ps1'
[9.211s] INFO:colcon.colcon_core.shell:Creating package descriptor '/home/adri/magang2_ws/install/vtol/share/vtol/package.dsv'
[9.212s] INFO:colcon.colcon_core.shell:Creating package script '/home/adri/magang2_ws/install/vtol/share/vtol/package.sh'
[9.213s] INFO:colcon.colcon_core.shell:Creating package script '/home/adri/magang2_ws/install/vtol/share/vtol/package.bash'
[9.213s] INFO:colcon.colcon_core.shell:Creating package script '/home/adri/magang2_ws/install/vtol/share/vtol/package.zsh'
[9.214s] Level 1:colcon.colcon_core.environment:create_file_with_runtime_dependencies(/home/adri/magang2_ws/install/vtol/share/colcon-core/packages/vtol)
[9.215s] Level 1:colcon.colcon_core.environment:create_environment_scripts_only(vtol)
[9.215s] Level 1:colcon.colcon_core.environment:checking '/home/adri/magang2_ws/install/vtol' for CMake module files
[9.216s] Level 1:colcon.colcon_core.environment:checking '/home/adri/magang2_ws/install/vtol' for CMake config files
[9.216s] Level 1:colcon.colcon_core.shell:create_environment_hook('vtol', 'cmake_prefix_path')
[9.216s] INFO:colcon.colcon_core.shell:Creating environment hook '/home/adri/magang2_ws/install/vtol/share/vtol/hook/cmake_prefix_path.ps1'
[9.216s] INFO:colcon.colcon_core.shell:Creating environment descriptor '/home/adri/magang2_ws/install/vtol/share/vtol/hook/cmake_prefix_path.dsv'
[9.217s] INFO:colcon.colcon_core.shell:Creating environment hook '/home/adri/magang2_ws/install/vtol/share/vtol/hook/cmake_prefix_path.sh'
[9.217s] Level 1:colcon.colcon_core.environment:checking '/home/adri/magang2_ws/install/vtol/lib'
[9.218s] Level 1:colcon.colcon_core.environment:checking '/home/adri/magang2_ws/install/vtol/bin'
[9.218s] Level 1:colcon.colcon_core.environment:checking '/home/adri/magang2_ws/install/vtol/lib/pkgconfig/vtol.pc'
[9.218s] Level 1:colcon.colcon_core.environment:checking '/home/adri/magang2_ws/install/vtol/lib/python3.10/site-packages'
[9.218s] Level 1:colcon.colcon_core.environment:checking '/home/adri/magang2_ws/install/vtol/bin'
[9.218s] INFO:colcon.colcon_core.shell:Creating package script '/home/adri/magang2_ws/install/vtol/share/vtol/package.ps1'
[9.219s] INFO:colcon.colcon_core.shell:Creating package descriptor '/home/adri/magang2_ws/install/vtol/share/vtol/package.dsv'
[9.220s] INFO:colcon.colcon_core.shell:Creating package script '/home/adri/magang2_ws/install/vtol/share/vtol/package.sh'
[9.220s] INFO:colcon.colcon_core.shell:Creating package script '/home/adri/magang2_ws/install/vtol/share/vtol/package.bash'
[9.221s] INFO:colcon.colcon_core.shell:Creating package script '/home/adri/magang2_ws/install/vtol/share/vtol/package.zsh'
[9.221s] Level 1:colcon.colcon_core.environment:create_file_with_runtime_dependencies(/home/adri/magang2_ws/install/vtol/share/colcon-core/packages/vtol)
[9.222s] DEBUG:colcon.colcon_parallel_executor.executor.parallel:closing loop
[9.223s] DEBUG:colcon.colcon_parallel_executor.executor.parallel:loop closed
[9.223s] DEBUG:colcon.colcon_parallel_executor.executor.parallel:run_until_complete finished with '0'
[9.223s] DEBUG:colcon.colcon_core.event_reactor:joining thread
[9.229s] INFO:colcon.colcon_core.plugin_system:Skipping extension 'colcon_notification.desktop_notification.terminal_notifier': Not used on non-Darwin systems
[9.229s] INFO:colcon.colcon_core.plugin_system:Skipping extension 'colcon_notification.desktop_notification.win32': Not used on non-Windows systems
[9.229s] INFO:colcon.colcon_notification.desktop_notification:Sending desktop notification using 'notify2'
[9.250s] DEBUG:colcon.colcon_core.event_reactor:joined thread
[9.250s] INFO:colcon.colcon_core.shell:Creating prefix script '/home/adri/magang2_ws/install/local_setup.ps1'
[9.252s] INFO:colcon.colcon_core.shell:Creating prefix util module '/home/adri/magang2_ws/install/_local_setup_util_ps1.py'
[9.253s] INFO:colcon.colcon_core.shell:Creating prefix chain script '/home/adri/magang2_ws/install/setup.ps1'
[9.255s] INFO:colcon.colcon_core.shell:Creating prefix script '/home/adri/magang2_ws/install/local_setup.sh'
[9.255s] INFO:colcon.colcon_core.shell:Creating prefix util module '/home/adri/magang2_ws/install/_local_setup_util_sh.py'
[9.256s] INFO:colcon.colcon_core.shell:Creating prefix chain script '/home/adri/magang2_ws/install/setup.sh'
[9.258s] INFO:colcon.colcon_core.shell:Creating prefix script '/home/adri/magang2_ws/install/local_setup.bash'
[9.258s] INFO:colcon.colcon_core.shell:Creating prefix chain script '/home/adri/magang2_ws/install/setup.bash'
[9.260s] INFO:colcon.colcon_core.shell:Creating prefix script '/home/adri/magang2_ws/install/local_setup.zsh'
[9.260s] INFO:colcon.colcon_core.shell:Creating prefix chain script '/home/adri/magang2_ws/install/setup.zsh'
