[1.166s] DEBUG:colcon:Command line arguments: ['/usr/bin/colcon', 'build']
[1.166s] DEBUG:colcon:Parsed command line arguments: Namespace(log_base=None, log_level=None, verb_name='build', build_base='build', install_base='install', merge_install=False, symlink_install=False, test_result_base=None, continue_on_error=False, executor='parallel', parallel_workers=4, event_handlers=None, ignore_user_meta=False, metas=['./colcon.meta'], base_paths=['.'], packages_ignore=None, packages_ignore_regex=None, paths=None, packages_up_to=None, packages_up_to_regex=None, packages_above=None, packages_above_and_dependencies=None, packages_above_depth=None, packages_select_by_dep=None, packages_skip_by_dep=None, packages_skip_up_to=None, packages_select_build_failed=False, packages_skip_build_finished=False, packages_select_test_failures=False, packages_skip_test_passed=False, packages_select=None, packages_skip=None, packages_select_regex=None, packages_skip_regex=None, packages_start=None, packages_end=None, allow_overriding=[], cmake_args=None, cmake_target=None, cmake_target_skip_unavailable=False, cmake_clean_cache=False, cmake_clean_first=False, cmake_force_configure=False, ament_cmake_args=None, catkin_cmake_args=None, catkin_skip_building_tests=False, mixin_files=None, mixin=None, verb_parser=<colcon_mixin.mixin.mixin_argument.MixinArgumentDecorator object at 0x7c5252955300>, verb_extension=<colcon_core.verb.build.BuildVerb object at 0x7c5252954d90>, main=<bound method BuildVerb.main of <colcon_core.verb.build.BuildVerb object at 0x7c5252954d90>>, mixin_verb=('build',))
[1.989s] Level 1:colcon.colcon_core.package_discovery:discover_packages(colcon_meta) check parameters
[1.989s] Level 1:colcon.colcon_core.package_discovery:discover_packages(recursive) check parameters
[1.989s] Level 1:colcon.colcon_core.package_discovery:discover_packages(ignore) check parameters
[1.989s] Level 1:colcon.colcon_core.package_discovery:discover_packages(path) check parameters
[1.989s] Level 1:colcon.colcon_core.package_discovery:discover_packages(colcon_meta) discover
[1.989s] Level 1:colcon.colcon_core.package_discovery:discover_packages(recursive) discover
[1.989s] INFO:colcon.colcon_core.package_discovery:Crawling recursively for packages in '/home/adri/magang2_ws/vtol'
[1.989s] Level 1:colcon.colcon_core.package_identification:_identify(.) by extensions ['ignore', 'ignore_ament_install']
[1.990s] Level 1:colcon.colcon_core.package_identification:_identify(.) by extension 'ignore'
[1.990s] Level 1:colcon.colcon_core.package_identification:_identify(.) by extension 'ignore_ament_install'
[1.990s] Level 1:colcon.colcon_core.package_identification:_identify(.) by extensions ['colcon_pkg']
[1.990s] Level 1:colcon.colcon_core.package_identification:_identify(.) by extension 'colcon_pkg'
[1.990s] Level 1:colcon.colcon_core.package_identification:_identify(.) by extensions ['colcon_meta']
[1.990s] Level 1:colcon.colcon_core.package_identification:_identify(.) by extension 'colcon_meta'
[1.990s] Level 1:colcon.colcon_core.package_identification:_identify(.) by extensions ['ros']
[1.990s] Level 1:colcon.colcon_core.package_identification:_identify(.) by extension 'ros'
[2.029s] DEBUG:colcon.colcon_core.package_identification:Package '.' with type 'ros.ament_cmake' and name 'vtol'
[2.029s] Level 1:colcon.colcon_core.package_discovery:discover_packages(recursive) using defaults
[2.029s] Level 1:colcon.colcon_core.package_discovery:discover_packages(ignore) discover
[2.030s] Level 1:colcon.colcon_core.package_discovery:discover_packages(ignore) using defaults
[2.030s] Level 1:colcon.colcon_core.package_discovery:discover_packages(path) discover
[2.030s] Level 1:colcon.colcon_core.package_discovery:discover_packages(path) using defaults
[2.111s] Level 1:colcon.colcon_core.package_discovery:discover_packages(prefix_path) check parameters
[2.111s] Level 1:colcon.colcon_core.package_discovery:discover_packages(prefix_path) discover
[2.140s] DEBUG:colcon.colcon_installed_package_information.package_discovery:Found 272 installed packages in /opt/ros/humble
[2.142s] Level 1:colcon.colcon_core.package_discovery:discover_packages(prefix_path) using defaults
[2.189s] Level 5:colcon.colcon_core.verb:set package 'vtol' build argument 'cmake_args' from command line to 'None'
[2.189s] Level 5:colcon.colcon_core.verb:set package 'vtol' build argument 'cmake_target' from command line to 'None'
[2.189s] Level 5:colcon.colcon_core.verb:set package 'vtol' build argument 'cmake_target_skip_unavailable' from command line to 'False'
[2.189s] Level 5:colcon.colcon_core.verb:set package 'vtol' build argument 'cmake_clean_cache' from command line to 'False'
[2.189s] Level 5:colcon.colcon_core.verb:set package 'vtol' build argument 'cmake_clean_first' from command line to 'False'
[2.189s] Level 5:colcon.colcon_core.verb:set package 'vtol' build argument 'cmake_force_configure' from command line to 'False'
[2.189s] Level 5:colcon.colcon_core.verb:set package 'vtol' build argument 'ament_cmake_args' from command line to 'None'
[2.189s] Level 5:colcon.colcon_core.verb:set package 'vtol' build argument 'catkin_cmake_args' from command line to 'None'
[2.189s] Level 5:colcon.colcon_core.verb:set package 'vtol' build argument 'catkin_skip_building_tests' from command line to 'False'
[2.189s] DEBUG:colcon.colcon_core.verb:Building package 'vtol' with the following arguments: {'ament_cmake_args': None, 'build_base': '/home/adri/magang2_ws/vtol/build/vtol', 'catkin_cmake_args': None, 'catkin_skip_building_tests': False, 'cmake_args': None, 'cmake_clean_cache': False, 'cmake_clean_first': False, 'cmake_force_configure': False, 'cmake_target': None, 'cmake_target_skip_unavailable': False, 'install_base': '/home/adri/magang2_ws/vtol/install/vtol', 'merge_install': False, 'path': '/home/adri/magang2_ws/vtol', 'symlink_install': False, 'test_result_base': None}
[2.190s] INFO:colcon.colcon_core.executor:Executing jobs using 'parallel' executor
[2.193s] DEBUG:colcon.colcon_parallel_executor.executor.parallel:run_until_complete
[2.193s] INFO:colcon.colcon_ros.task.ament_cmake.build:Building ROS package in '/home/adri/magang2_ws/vtol' with build type 'ament_cmake'
[2.194s] INFO:colcon.colcon_cmake.task.cmake.build:Building CMake package in '/home/adri/magang2_ws/vtol'
[2.213s] INFO:colcon.colcon_core.plugin_system:Skipping extension 'colcon_core.shell.bat': Not used on non-Windows systems
[2.213s] INFO:colcon.colcon_core.shell:Skip shell extension 'powershell' for command environment: Not usable outside of PowerShell
[2.214s] DEBUG:colcon.colcon_core.shell:Skip shell extension 'dsv' for command environment
[2.238s] DEBUG:colcon.colcon_core.event_handler.log_command:Invoking command in '/home/adri/magang2_ws/vtol/build/vtol': CMAKE_PREFIX_PATH=/opt/ros/humble /usr/bin/cmake /home/adri/magang2_ws/vtol -DCMAKE_INSTALL_PREFIX=/home/adri/magang2_ws/vtol/install/vtol
[5.585s] DEBUG:colcon.colcon_core.event_handler.log_command:Invoked command in '/home/adri/magang2_ws/vtol/build/vtol' returned '0': CMAKE_PREFIX_PATH=/opt/ros/humble /usr/bin/cmake /home/adri/magang2_ws/vtol -DCMAKE_INSTALL_PREFIX=/home/adri/magang2_ws/vtol/install/vtol
[5.586s] DEBUG:colcon.colcon_core.event_handler.log_command:Invoking command in '/home/adri/magang2_ws/vtol/build/vtol': CMAKE_PREFIX_PATH=/opt/ros/humble /usr/bin/cmake --build /home/adri/magang2_ws/vtol/build/vtol -- -j4 -l4
[13.573s] Level 1:colcon.colcon_core.environment:create_environment_scripts_only(vtol)
[13.575s] DEBUG:colcon.colcon_core.event_handler.log_command:Invoked command in '/home/adri/magang2_ws/vtol/build/vtol' returned '2': CMAKE_PREFIX_PATH=/opt/ros/humble /usr/bin/cmake --build /home/adri/magang2_ws/vtol/build/vtol -- -j4 -l4
[13.597s] Level 1:colcon.colcon_core.environment:checking '/home/adri/magang2_ws/vtol/install/vtol' for CMake module files
[13.598s] Level 1:colcon.colcon_core.environment:checking '/home/adri/magang2_ws/vtol/install/vtol' for CMake config files
[13.599s] Level 1:colcon.colcon_core.environment:checking '/home/adri/magang2_ws/vtol/install/vtol/bin'
[13.599s] Level 1:colcon.colcon_core.environment:checking '/home/adri/magang2_ws/vtol/install/vtol/lib/pkgconfig/vtol.pc'
[13.599s] Level 1:colcon.colcon_core.environment:checking '/home/adri/magang2_ws/vtol/install/vtol/lib/python3.10/site-packages'
[13.600s] Level 1:colcon.colcon_core.environment:checking '/home/adri/magang2_ws/vtol/install/vtol/bin'
[13.600s] INFO:colcon.colcon_core.shell:Creating package script '/home/adri/magang2_ws/vtol/install/vtol/share/vtol/package.ps1'
[13.604s] INFO:colcon.colcon_core.shell:Creating package descriptor '/home/adri/magang2_ws/vtol/install/vtol/share/vtol/package.dsv'
[13.606s] INFO:colcon.colcon_core.shell:Creating package script '/home/adri/magang2_ws/vtol/install/vtol/share/vtol/package.sh'
[13.608s] INFO:colcon.colcon_core.shell:Creating package script '/home/adri/magang2_ws/vtol/install/vtol/share/vtol/package.bash'
[13.611s] INFO:colcon.colcon_core.shell:Creating package script '/home/adri/magang2_ws/vtol/install/vtol/share/vtol/package.zsh'
[13.614s] Level 1:colcon.colcon_core.environment:create_file_with_runtime_dependencies(/home/adri/magang2_ws/vtol/install/vtol/share/colcon-core/packages/vtol)
[13.626s] DEBUG:colcon.colcon_parallel_executor.executor.parallel:closing loop
[13.627s] DEBUG:colcon.colcon_parallel_executor.executor.parallel:loop closed
[13.628s] DEBUG:colcon.colcon_parallel_executor.executor.parallel:run_until_complete finished with '2'
[13.628s] DEBUG:colcon.colcon_core.event_reactor:joining thread
[13.650s] INFO:colcon.colcon_core.plugin_system:Skipping extension 'colcon_notification.desktop_notification.terminal_notifier': Not used on non-Darwin systems
[13.651s] INFO:colcon.colcon_core.plugin_system:Skipping extension 'colcon_notification.desktop_notification.win32': Not used on non-Windows systems
[13.651s] INFO:colcon.colcon_notification.desktop_notification:Sending desktop notification using 'notify2'
[13.693s] DEBUG:colcon.colcon_core.event_reactor:joined thread
[13.694s] INFO:colcon.colcon_core.shell:Creating prefix script '/home/adri/magang2_ws/vtol/install/local_setup.ps1'
[13.697s] INFO:colcon.colcon_core.shell:Creating prefix util module '/home/adri/magang2_ws/vtol/install/_local_setup_util_ps1.py'
[13.701s] INFO:colcon.colcon_core.shell:Creating prefix chain script '/home/adri/magang2_ws/vtol/install/setup.ps1'
[13.703s] INFO:colcon.colcon_core.shell:Creating prefix script '/home/adri/magang2_ws/vtol/install/local_setup.sh'
[13.708s] INFO:colcon.colcon_core.shell:Creating prefix util module '/home/adri/magang2_ws/vtol/install/_local_setup_util_sh.py'
[13.710s] INFO:colcon.colcon_core.shell:Creating prefix chain script '/home/adri/magang2_ws/vtol/install/setup.sh'
[13.715s] INFO:colcon.colcon_core.shell:Creating prefix script '/home/adri/magang2_ws/vtol/install/local_setup.bash'
[13.720s] INFO:colcon.colcon_core.shell:Creating prefix chain script '/home/adri/magang2_ws/vtol/install/setup.bash'
[13.723s] INFO:colcon.colcon_core.shell:Creating prefix script '/home/adri/magang2_ws/vtol/install/local_setup.zsh'
[13.726s] INFO:colcon.colcon_core.shell:Creating prefix chain script '/home/adri/magang2_ws/vtol/install/setup.zsh'
