[0.018s] Invoking command in '/home/adri/magang2_ws/build/vtol': CMAKE_PREFIX_PATH=/opt/ros/humble /usr/bin/cmake --build /home/adri/magang2_ws/build/vtol -- -j4 -l4
[0.128s] [ 50%] Built target publisher_node
[0.141s] [100%] Built target suscriber_node
[0.161s] Invoked command in '/home/adri/magang2_ws/build/vtol' returned '0': CMAKE_PREFIX_PATH=/opt/ros/humble /usr/bin/cmake --build /home/adri/magang2_ws/build/vtol -- -j4 -l4
[0.179s] Invoking command in '/home/adri/magang2_ws/build/vtol': CMAKE_PREFIX_PATH=/opt/ros/humble /usr/bin/cmake --install /home/adri/magang2_ws/build/vtol
[0.189s] -- Install configuration: ""
[0.189s] -- Up-to-date: /home/adri/magang2_ws/install/vtol/lib/vtol/publisher_node
[0.190s] -- Up-to-date: /home/adri/magang2_ws/install/vtol/lib/vtol/suscriber_node
[0.190s] -- Up-to-date: /home/adri/magang2_ws/install/vtol/share/ament_index/resource_index/package_run_dependencies/vtol
[0.190s] -- Up-to-date: /home/adri/magang2_ws/install/vtol/share/ament_index/resource_index/parent_prefix_path/vtol
[0.191s] -- Up-to-date: /home/adri/magang2_ws/install/vtol/share/vtol/environment/ament_prefix_path.sh
[0.191s] -- Up-to-date: /home/adri/magang2_ws/install/vtol/share/vtol/environment/ament_prefix_path.dsv
[0.191s] -- Up-to-date: /home/adri/magang2_ws/install/vtol/share/vtol/environment/path.sh
[0.191s] -- Up-to-date: /home/adri/magang2_ws/install/vtol/share/vtol/environment/path.dsv
[0.191s] -- Up-to-date: /home/adri/magang2_ws/install/vtol/share/vtol/local_setup.bash
[0.191s] -- Up-to-date: /home/adri/magang2_ws/install/vtol/share/vtol/local_setup.sh
[0.191s] -- Up-to-date: /home/adri/magang2_ws/install/vtol/share/vtol/local_setup.zsh
[0.191s] -- Up-to-date: /home/adri/magang2_ws/install/vtol/share/vtol/local_setup.dsv
[0.191s] -- Installing: /home/adri/magang2_ws/install/vtol/share/vtol/package.dsv
[0.191s] -- Up-to-date: /home/adri/magang2_ws/install/vtol/share/ament_index/resource_index/packages/vtol
[0.191s] -- Up-to-date: /home/adri/magang2_ws/install/vtol/share/vtol/cmake/vtolConfig.cmake
[0.191s] -- Up-to-date: /home/adri/magang2_ws/install/vtol/share/vtol/cmake/vtolConfig-version.cmake
[0.191s] -- Up-to-date: /home/adri/magang2_ws/install/vtol/share/vtol/package.xml
[0.196s] Invoked command in '/home/adri/magang2_ws/build/vtol' returned '0': CMAKE_PREFIX_PATH=/opt/ros/humble /usr/bin/cmake --install /home/adri/magang2_ws/build/vtol
