[35m[1mConsolidate compiler generated dependencies of target suscriber_node[0m
[ 50%] Built target publisher_node
[ 75%] [32mBuilding CXX object CMakeFiles/suscriber_node.dir/src/suscriber.cpp.o[0m
In file included from [01m[K/opt/ros/humble/include/rclcpp/rclcpp/logging.hpp:24[m[K,
                 from [01m[K/opt/ros/humble/include/rclcpp/rclcpp/client.hpp:40[m[K,
                 from [01m[K/opt/ros/humble/include/rclcpp/rclcpp/callback_group.hpp:24[m[K,
                 from [01m[K/opt/ros/humble/include/rclcpp/rclcpp/any_executable.hpp:20[m[K,
                 from [01m[K/opt/ros/humble/include/rclcpp/rclcpp/memory_strategy.hpp:25[m[K,
                 from [01m[K/opt/ros/humble/include/rclcpp/rclcpp/memory_strategies.hpp:18[m[K,
                 from [01m[K/opt/ros/humble/include/rclcpp/rclcpp/executor_options.hpp:20[m[K,
                 from [01m[K/opt/ros/humble/include/rclcpp/rclcpp/executor.hpp:37[m[K,
                 from [01m[K/opt/ros/humble/include/rclcpp/rclcpp/executors/multi_threaded_executor.hpp:25[m[K,
                 from [01m[K/opt/ros/humble/include/rclcpp/rclcpp/executors.hpp:21[m[K,
                 from [01m[K/opt/ros/humble/include/rclcpp/rclcpp/rclcpp.hpp:155[m[K,
                 from [01m[K/home/adri/magang2_ws/src/vtol/src/suscriber.cpp:3[m[K:
[01m[K/home/adri/magang2_ws/src/vtol/src/suscriber.cpp:[m[K In member function ‘[01m[Kvoid DroneSuscriber::topic_callback(const Int32&)[m[K’:
[01m[K/home/adri/magang2_ws/src/vtol/src/suscriber.cpp:37:37:[m[K [01;35m[Kwarning: [m[Ktoo many arguments for format [[01;35m[K]8;;https://gcc.gnu.org/onlinedocs/gcc/Warning-Options.html#index-Wformat-extra-args-Wformat-extra-args]8;;[m[K]
   37 |     RCLCPP_INFO(this->get_logger(), [01;35m[K"Mendaratkan Drone"[m[K, number);
      |                                     [01;35m[K^~~~~~~~~~~~~~~~~~~[m[K
[100%] [32m[1mLinking CXX executable suscriber_node[0m
[100%] Built target suscriber_node
-- Install configuration: ""
-- Up-to-date: /home/adri/magang2_ws/install/vtol/lib/vtol/publisher_node
-- Installing: /home/adri/magang2_ws/install/vtol/lib/vtol/suscriber_node
-- Set runtime path of "/home/adri/magang2_ws/install/vtol/lib/vtol/suscriber_node" to ""
-- Up-to-date: /home/adri/magang2_ws/install/vtol/share/ament_index/resource_index/package_run_dependencies/vtol
-- Up-to-date: /home/adri/magang2_ws/install/vtol/share/ament_index/resource_index/parent_prefix_path/vtol
-- Up-to-date: /home/adri/magang2_ws/install/vtol/share/vtol/environment/ament_prefix_path.sh
-- Up-to-date: /home/adri/magang2_ws/install/vtol/share/vtol/environment/ament_prefix_path.dsv
-- Up-to-date: /home/adri/magang2_ws/install/vtol/share/vtol/environment/path.sh
-- Up-to-date: /home/adri/magang2_ws/install/vtol/share/vtol/environment/path.dsv
-- Up-to-date: /home/adri/magang2_ws/install/vtol/share/vtol/local_setup.bash
-- Up-to-date: /home/adri/magang2_ws/install/vtol/share/vtol/local_setup.sh
-- Up-to-date: /home/adri/magang2_ws/install/vtol/share/vtol/local_setup.zsh
-- Up-to-date: /home/adri/magang2_ws/install/vtol/share/vtol/local_setup.dsv
-- Installing: /home/adri/magang2_ws/install/vtol/share/vtol/package.dsv
-- Up-to-date: /home/adri/magang2_ws/install/vtol/share/ament_index/resource_index/packages/vtol
-- Up-to-date: /home/adri/magang2_ws/install/vtol/share/vtol/cmake/vtolConfig.cmake
-- Up-to-date: /home/adri/magang2_ws/install/vtol/share/vtol/cmake/vtolConfig-version.cmake
-- Up-to-date: /home/adri/magang2_ws/install/vtol/share/vtol/package.xml
