[0.042s] Invoking command in '/home/adri/magang2_ws/build/vtol': CMAKE_PREFIX_PATH=${CMAKE_PREFIX_PATH}:/opt/ros/humble /usr/bin/cmake --build /home/adri/magang2_ws/build/vtol -- -j4 -l4
[0.165s] [ 50%] Built target publisher_node
[0.168s] [ 75%] [32mBuilding CXX object CMakeFiles/suscriber_node.dir/src/suscriber.cpp.o[0m
[9.521s] [100%] [32m[1mLinking CXX executable suscriber_node[0m
[9.978s] [100%] Built target suscriber_node
[10.006s] Invoked command in '/home/adri/magang2_ws/build/vtol' returned '0': CMAKE_PREFIX_PATH=${CMAKE_PREFIX_PATH}:/opt/ros/humble /usr/bin/cmake --build /home/adri/magang2_ws/build/vtol -- -j4 -l4
[10.025s] Invoking command in '/home/adri/magang2_ws/build/vtol': CMAKE_PREFIX_PATH=${CMAKE_PREFIX_PATH}:/opt/ros/humble /usr/bin/cmake --install /home/adri/magang2_ws/build/vtol
[10.036s] -- Install configuration: ""
[10.036s] -- Up-to-date: /home/adri/magang2_ws/install/vtol/lib/vtol/publisher_node
[10.036s] -- Installing: /home/adri/magang2_ws/install/vtol/lib/vtol/suscriber_node
[10.044s] -- Set runtime path of "/home/adri/magang2_ws/install/vtol/lib/vtol/suscriber_node" to ""
[10.044s] -- Up-to-date: /home/adri/magang2_ws/install/vtol/share/ament_index/resource_index/package_run_dependencies/vtol
[10.044s] -- Up-to-date: /home/adri/magang2_ws/install/vtol/share/ament_index/resource_index/parent_prefix_path/vtol
[10.044s] -- Up-to-date: /home/adri/magang2_ws/install/vtol/share/vtol/environment/ament_prefix_path.sh
[10.044s] -- Up-to-date: /home/adri/magang2_ws/install/vtol/share/vtol/environment/ament_prefix_path.dsv
[10.044s] -- Up-to-date: /home/adri/magang2_ws/install/vtol/share/vtol/environment/path.sh
[10.044s] -- Up-to-date: /home/adri/magang2_ws/install/vtol/share/vtol/environment/path.dsv
[10.044s] -- Up-to-date: /home/adri/magang2_ws/install/vtol/share/vtol/local_setup.bash
[10.044s] -- Up-to-date: /home/adri/magang2_ws/install/vtol/share/vtol/local_setup.sh
[10.044s] -- Up-to-date: /home/adri/magang2_ws/install/vtol/share/vtol/local_setup.zsh
[10.044s] -- Up-to-date: /home/adri/magang2_ws/install/vtol/share/vtol/local_setup.dsv
[10.045s] -- Installing: /home/adri/magang2_ws/install/vtol/share/vtol/package.dsv
[10.045s] -- Up-to-date: /home/adri/magang2_ws/install/vtol/share/ament_index/resource_index/packages/vtol
[10.045s] -- Up-to-date: /home/adri/magang2_ws/install/vtol/share/vtol/cmake/vtolConfig.cmake
[10.045s] -- Up-to-date: /home/adri/magang2_ws/install/vtol/share/vtol/cmake/vtolConfig-version.cmake
[10.045s] -- Up-to-date: /home/adri/magang2_ws/install/vtol/share/vtol/package.xml
[10.050s] Invoked command in '/home/adri/magang2_ws/build/vtol' returned '0': CMAKE_PREFIX_PATH=${CMAKE_PREFIX_PATH}:/opt/ros/humble /usr/bin/cmake --install /home/adri/magang2_ws/build/vtol
