[0.018s] Invoking command in '/home/adri/magang2_ws/build/vtol': CMAKE_PREFIX_PATH=${CMAKE_PREFIX_PATH}:/opt/ros/humble /usr/bin/cmake --build /home/adri/magang2_ws/build/vtol -- -j4 -l4
[0.055s] -- Found ament_cmake: 1.3.12 (/opt/ros/humble/share/ament_cmake/cmake)
[0.191s] -- Found rclcpp: 16.0.17 (/opt/ros/humble/share/rclcpp/cmake)
[0.218s] -- Found rosidl_generator_c: 3.1.8 (/opt/ros/humble/share/rosidl_generator_c/cmake)
[0.222s] -- Found rosidl_adapter: 3.1.8 (/opt/ros/humble/share/rosidl_adapter/cmake)
[0.225s] -- Found rosidl_generator_cpp: 3.1.8 (/opt/ros/humble/share/rosidl_generator_cpp/cmake)
[0.236s] -- Using all available rosidl_typesupport_c: rosidl_typesupport_fastrtps_c;rosidl_typesupport_introspection_c
[0.257s] -- Using all available rosidl_typesupport_cpp: rosidl_typesupport_fastrtps_cpp;rosidl_typesupport_introspection_cpp
[0.285s] -- Found rmw_implementation_cmake: 6.1.2 (/opt/ros/humble/share/rmw_implementation_cmake/cmake)
[0.287s] -- Found rmw_fastrtps_cpp: 6.2.9 (/opt/ros/humble/share/rmw_fastrtps_cpp/cmake)
[0.383s] -- Using RMW implementation 'rmw_fastrtps_cpp' as default
[0.430s] -- Found std_srvs: 4.9.0 (/opt/ros/humble/share/std_srvs/cmake)
[0.442s] -- Found ament_lint_auto: 0.12.14 (/opt/ros/humble/share/ament_lint_auto/cmake)
[0.532s] -- Added test 'cppcheck' to perform static code analysis on C / C++ code
[0.533s] -- Configured cppcheck include dirs: 
[0.533s] -- Configured cppcheck exclude dirs and/or files: 
[0.537s] -- Added test 'flake8' to check Python code syntax and style conventions
[0.537s] -- Added test 'lint_cmake' to check CMake code style
[0.538s] -- Added test 'pep257' to check Python code against some of the docstring style conventions in PEP 257
[0.544s] -- Added test 'uncrustify' to check C / C++ code style
[0.544s] -- Configured uncrustify additional arguments: 
[0.546s] -- Added test 'xmllint' to check XML markup files
[0.546s] -- Configuring done
[0.564s] -- Generating done
[0.575s] -- Build files have been written to: /home/adri/magang2_ws/build/vtol
[0.635s] [35m[1mConsolidate compiler generated dependencies of target publisher_node[0m
[0.638s] [35m[1mConsolidate compiler generated dependencies of target suscriber_node[0m
[0.649s] [35m[1mConsolidate compiler generated dependencies of target service_node[0m
[0.668s] [ 33%] Built target suscriber_node
[0.672s] [ 66%] Built target publisher_node
[0.677s] [ 83%] [32m[1mLinking CXX executable service_node[0m
[0.823s] [100%] Built target service_node
[0.845s] Invoked command in '/home/adri/magang2_ws/build/vtol' returned '0': CMAKE_PREFIX_PATH=${CMAKE_PREFIX_PATH}:/opt/ros/humble /usr/bin/cmake --build /home/adri/magang2_ws/build/vtol -- -j4 -l4
[0.860s] Invoking command in '/home/adri/magang2_ws/build/vtol': CMAKE_PREFIX_PATH=${CMAKE_PREFIX_PATH}:/opt/ros/humble /usr/bin/cmake --install /home/adri/magang2_ws/build/vtol
[0.869s] -- Install configuration: ""
[0.870s] -- Up-to-date: /home/adri/magang2_ws/install/vtol/lib/vtol/publisher_node
[0.871s] -- Up-to-date: /home/adri/magang2_ws/install/vtol/lib/vtol/suscriber_node
[0.872s] -- Installing: /home/adri/magang2_ws/install/vtol/lib/vtol/service_node
[0.874s] -- Set runtime path of "/home/adri/magang2_ws/install/vtol/lib/vtol/service_node" to ""
[0.874s] -- Up-to-date: /home/adri/magang2_ws/install/vtol/share/ament_index/resource_index/package_run_dependencies/vtol
[0.874s] -- Up-to-date: /home/adri/magang2_ws/install/vtol/share/ament_index/resource_index/parent_prefix_path/vtol
[0.874s] -- Up-to-date: /home/adri/magang2_ws/install/vtol/share/vtol/environment/ament_prefix_path.sh
[0.874s] -- Installing: /home/adri/magang2_ws/install/vtol/share/vtol/environment/ament_prefix_path.dsv
[0.875s] -- Up-to-date: /home/adri/magang2_ws/install/vtol/share/vtol/environment/path.sh
[0.875s] -- Installing: /home/adri/magang2_ws/install/vtol/share/vtol/environment/path.dsv
[0.875s] -- Up-to-date: /home/adri/magang2_ws/install/vtol/share/vtol/local_setup.bash
[0.875s] -- Up-to-date: /home/adri/magang2_ws/install/vtol/share/vtol/local_setup.sh
[0.875s] -- Up-to-date: /home/adri/magang2_ws/install/vtol/share/vtol/local_setup.zsh
[0.875s] -- Installing: /home/adri/magang2_ws/install/vtol/share/vtol/local_setup.dsv
[0.876s] -- Installing: /home/adri/magang2_ws/install/vtol/share/vtol/package.dsv
[0.876s] -- Up-to-date: /home/adri/magang2_ws/install/vtol/share/ament_index/resource_index/packages/vtol
[0.876s] -- Up-to-date: /home/adri/magang2_ws/install/vtol/share/vtol/cmake/vtolConfig.cmake
[0.876s] -- Up-to-date: /home/adri/magang2_ws/install/vtol/share/vtol/cmake/vtolConfig-version.cmake
[0.876s] -- Up-to-date: /home/adri/magang2_ws/install/vtol/share/vtol/package.xml
[0.882s] Invoked command in '/home/adri/magang2_ws/build/vtol' returned '0': CMAKE_PREFIX_PATH=${CMAKE_PREFIX_PATH}:/opt/ros/humble /usr/bin/cmake --install /home/adri/magang2_ws/build/vtol
