[0.021s] Invoking command in '/home/adri/magang2_ws/build/vtol': CMAKE_PREFIX_PATH=${CMAKE_PREFIX_PATH}:/opt/ros/humble /usr/bin/cmake --build /home/adri/magang2_ws/build/vtol -- -j4 -l4
[0.048s] -- Found ament_cmake: 1.3.12 (/opt/ros/humble/share/ament_cmake/cmake)
[0.177s] -- Found rclcpp: 16.0.17 (/opt/ros/humble/share/rclcpp/cmake)
[0.202s] -- Found rosidl_generator_c: 3.1.8 (/opt/ros/humble/share/rosidl_generator_c/cmake)
[0.204s] -- Found rosidl_adapter: 3.1.8 (/opt/ros/humble/share/rosidl_adapter/cmake)
[0.210s] -- Found rosidl_generator_cpp: 3.1.8 (/opt/ros/humble/share/rosidl_generator_cpp/cmake)
[0.221s] -- Using all available rosidl_typesupport_c: rosidl_typesupport_fastrtps_c;rosidl_typesupport_introspection_c
[0.235s] -- Using all available rosidl_typesupport_cpp: rosidl_typesupport_fastrtps_cpp;rosidl_typesupport_introspection_cpp
[0.266s] -- Found rmw_implementation_cmake: 6.1.2 (/opt/ros/humble/share/rmw_implementation_cmake/cmake)
[0.266s] -- Found rmw_fastrtps_cpp: 6.2.9 (/opt/ros/humble/share/rmw_fastrtps_cpp/cmake)
[0.365s] -- Using RMW implementation 'rmw_fastrtps_cpp' as default
[0.419s] -- Found std_srvs: 4.9.0 (/opt/ros/humble/share/std_srvs/cmake)
[0.456s] -- Found ament_lint_auto: 0.12.14 (/opt/ros/humble/share/ament_lint_auto/cmake)
[0.542s] -- Added test 'cppcheck' to perform static code analysis on C / C++ code
[0.542s] -- Configured cppcheck include dirs: 
[0.542s] -- Configured cppcheck exclude dirs and/or files: 
[0.542s] -- Added test 'flake8' to check Python code syntax and style conventions
[0.543s] -- Added test 'lint_cmake' to check CMake code style
[0.544s] -- Added test 'pep257' to check Python code against some of the docstring style conventions in PEP 257
[0.550s] -- Added test 'uncrustify' to check C / C++ code style
[0.550s] -- Configured uncrustify additional arguments: 
[0.551s] -- Added test 'xmllint' to check XML markup files
[0.552s] -- Configuring done
[0.574s] -- Generating done
[0.585s] -- Build files have been written to: /home/adri/magang2_ws/build/vtol
[0.624s] [35m[1mConsolidate compiler generated dependencies of target suscriber_node[0m
[0.630s] [35m[1mConsolidate compiler generated dependencies of target publisher_node[0m
[0.648s] [ 16%] [32mBuilding CXX object CMakeFiles/service_node.dir/src/service.cpp.o[0m
[0.663s] [ 50%] Built target suscriber_node
[0.670s] [ 83%] Built target publisher_node
[3.768s] [100%] [32m[1mLinking CXX executable service_node[0m
[3.954s] [100%] Built target service_node
[3.968s] Invoked command in '/home/adri/magang2_ws/build/vtol' returned '0': CMAKE_PREFIX_PATH=${CMAKE_PREFIX_PATH}:/opt/ros/humble /usr/bin/cmake --build /home/adri/magang2_ws/build/vtol -- -j4 -l4
[3.983s] Invoking command in '/home/adri/magang2_ws/build/vtol': CMAKE_PREFIX_PATH=${CMAKE_PREFIX_PATH}:/opt/ros/humble /usr/bin/cmake --install /home/adri/magang2_ws/build/vtol
[3.993s] -- Install configuration: ""
[3.993s] -- Up-to-date: /home/adri/magang2_ws/install/vtol/lib/vtol/publisher_node
[3.993s] -- Up-to-date: /home/adri/magang2_ws/install/vtol/lib/vtol/suscriber_node
[3.993s] -- Up-to-date: /home/adri/magang2_ws/install/vtol/share/ament_index/resource_index/package_run_dependencies/vtol
[3.993s] -- Installing: /home/adri/magang2_ws/install/vtol/share/ament_index/resource_index/parent_prefix_path/vtol
[3.993s] -- Up-to-date: /home/adri/magang2_ws/install/vtol/share/vtol/environment/ament_prefix_path.sh
[3.993s] -- Installing: /home/adri/magang2_ws/install/vtol/share/vtol/environment/ament_prefix_path.dsv
[3.993s] -- Up-to-date: /home/adri/magang2_ws/install/vtol/share/vtol/environment/path.sh
[3.993s] -- Installing: /home/adri/magang2_ws/install/vtol/share/vtol/environment/path.dsv
[3.993s] -- Up-to-date: /home/adri/magang2_ws/install/vtol/share/vtol/local_setup.bash
[3.993s] -- Up-to-date: /home/adri/magang2_ws/install/vtol/share/vtol/local_setup.sh
[3.993s] -- Up-to-date: /home/adri/magang2_ws/install/vtol/share/vtol/local_setup.zsh
[3.993s] -- Installing: /home/adri/magang2_ws/install/vtol/share/vtol/local_setup.dsv
[3.993s] -- Installing: /home/adri/magang2_ws/install/vtol/share/vtol/package.dsv
[3.994s] -- Up-to-date: /home/adri/magang2_ws/install/vtol/share/ament_index/resource_index/packages/vtol
[3.994s] -- Up-to-date: /home/adri/magang2_ws/install/vtol/share/vtol/cmake/vtolConfig.cmake
[3.994s] -- Up-to-date: /home/adri/magang2_ws/install/vtol/share/vtol/cmake/vtolConfig-version.cmake
[3.994s] -- Up-to-date: /home/adri/magang2_ws/install/vtol/share/vtol/package.xml
[3.997s] Invoked command in '/home/adri/magang2_ws/build/vtol' returned '0': CMAKE_PREFIX_PATH=${CMAKE_PREFIX_PATH}:/opt/ros/humble /usr/bin/cmake --install /home/adri/magang2_ws/build/vtol
