[35m[1mConsolidate compiler generated dependencies of target service_node[0m
[ 33%] Built target publisher_node
[ 66%] Built target service_node
[100%] Built target suscriber_node
-- Install configuration: ""
-- Up-to-date: /home/adri/magang2_ws/install/vtol/lib/vtol/publisher_node
-- Up-to-date: /home/adri/magang2_ws/install/vtol/lib/vtol/suscriber_node
-- Up-to-date: /home/adri/magang2_ws/install/vtol/share/ament_index/resource_index/package_run_dependencies/vtol
-- Up-to-date: /home/adri/magang2_ws/install/vtol/share/ament_index/resource_index/parent_prefix_path/vtol
-- Up-to-date: /home/adri/magang2_ws/install/vtol/share/vtol/environment/ament_prefix_path.sh
-- Up-to-date: /home/adri/magang2_ws/install/vtol/share/vtol/environment/ament_prefix_path.dsv
-- Up-to-date: /home/adri/magang2_ws/install/vtol/share/vtol/environment/path.sh
-- Up-to-date: /home/adri/magang2_ws/install/vtol/share/vtol/environment/path.dsv
-- Up-to-date: /home/adri/magang2_ws/install/vtol/share/vtol/local_setup.bash
-- Up-to-date: /home/adri/magang2_ws/install/vtol/share/vtol/local_setup.sh
-- Up-to-date: /home/adri/magang2_ws/install/vtol/share/vtol/local_setup.zsh
-- Up-to-date: /home/adri/magang2_ws/install/vtol/share/vtol/local_setup.dsv
-- Installing: /home/adri/magang2_ws/install/vtol/share/vtol/package.dsv
-- Up-to-date: /home/adri/magang2_ws/install/vtol/share/ament_index/resource_index/packages/vtol
-- Up-to-date: /home/adri/magang2_ws/install/vtol/share/vtol/cmake/vtolConfig.cmake
-- Up-to-date: /home/adri/magang2_ws/install/vtol/share/vtol/cmake/vtolConfig-version.cmake
-- Up-to-date: /home/adri/magang2_ws/install/vtol/share/vtol/package.xml
