[0.020s] Invoking command in '/home/adri/magang2_ws/build/vtol': CMAKE_PREFIX_PATH=${CMAKE_PREFIX_PATH}:/opt/ros/humble /usr/bin/cmake --build /home/adri/magang2_ws/build/vtol -- -j4 -l4
[0.078s] [35m[1mConsolidate compiler generated dependencies of target service_node[0m
[0.096s] [ 33%] Built target publisher_node
[0.106s] [ 66%] Built target service_node
[0.106s] [100%] Built target suscriber_node
[0.124s] Invoked command in '/home/adri/magang2_ws/build/vtol' returned '0': CMAKE_PREFIX_PATH=${CMAKE_PREFIX_PATH}:/opt/ros/humble /usr/bin/cmake --build /home/adri/magang2_ws/build/vtol -- -j4 -l4
[0.138s] Invoking command in '/home/adri/magang2_ws/build/vtol': CMAKE_PREFIX_PATH=${CMAKE_PREFIX_PATH}:/opt/ros/humble /usr/bin/cmake --install /home/adri/magang2_ws/build/vtol
[0.147s] -- Install configuration: ""
[0.147s] -- Up-to-date: /home/adri/magang2_ws/install/vtol/lib/vtol/publisher_node
[0.147s] -- Up-to-date: /home/adri/magang2_ws/install/vtol/lib/vtol/suscriber_node
[0.147s] -- Up-to-date: /home/adri/magang2_ws/install/vtol/share/ament_index/resource_index/package_run_dependencies/vtol
[0.147s] -- Up-to-date: /home/adri/magang2_ws/install/vtol/share/ament_index/resource_index/parent_prefix_path/vtol
[0.147s] -- Up-to-date: /home/adri/magang2_ws/install/vtol/share/vtol/environment/ament_prefix_path.sh
[0.148s] -- Up-to-date: /home/adri/magang2_ws/install/vtol/share/vtol/environment/ament_prefix_path.dsv
[0.148s] -- Up-to-date: /home/adri/magang2_ws/install/vtol/share/vtol/environment/path.sh
[0.148s] -- Up-to-date: /home/adri/magang2_ws/install/vtol/share/vtol/environment/path.dsv
[0.148s] -- Up-to-date: /home/adri/magang2_ws/install/vtol/share/vtol/local_setup.bash
[0.148s] -- Up-to-date: /home/adri/magang2_ws/install/vtol/share/vtol/local_setup.sh
[0.148s] -- Up-to-date: /home/adri/magang2_ws/install/vtol/share/vtol/local_setup.zsh
[0.148s] -- Up-to-date: /home/adri/magang2_ws/install/vtol/share/vtol/local_setup.dsv
[0.148s] -- Installing: /home/adri/magang2_ws/install/vtol/share/vtol/package.dsv
[0.148s] -- Up-to-date: /home/adri/magang2_ws/install/vtol/share/ament_index/resource_index/packages/vtol
[0.148s] -- Up-to-date: /home/adri/magang2_ws/install/vtol/share/vtol/cmake/vtolConfig.cmake
[0.148s] -- Up-to-date: /home/adri/magang2_ws/install/vtol/share/vtol/cmake/vtolConfig-version.cmake
[0.148s] -- Up-to-date: /home/adri/magang2_ws/install/vtol/share/vtol/package.xml
[0.152s] Invoked command in '/home/adri/magang2_ws/build/vtol' returned '0': CMAKE_PREFIX_PATH=${CMAKE_PREFIX_PATH}:/opt/ros/humble /usr/bin/cmake --install /home/adri/magang2_ws/build/vtol
