[0.027s] Invoking command in '/home/adri/magang2_ws/build/vtol': CMAKE_PREFIX_PATH=/opt/ros/humble /usr/bin/cmake --build /home/adri/magang2_ws/build/vtol -- -j4 -l4
[0.100s] [35m[1mConsolidate compiler generated dependencies of target suscriber_node[0m
[0.121s] [ 50%] Built target publisher_node
[0.126s] [100%] Built target suscriber_node
[0.146s] Invoked command in '/home/adri/magang2_ws/build/vtol' returned '0': CMAKE_PREFIX_PATH=/opt/ros/humble /usr/bin/cmake --build /home/adri/magang2_ws/build/vtol -- -j4 -l4
[0.161s] Invoking command in '/home/adri/magang2_ws/build/vtol': CMAKE_PREFIX_PATH=/opt/ros/humble /usr/bin/cmake --install /home/adri/magang2_ws/build/vtol
[0.172s] -- Install configuration: ""
[0.173s] -- Up-to-date: /home/adri/magang2_ws/install/vtol/lib/vtol/publisher_node
[0.175s] -- Up-to-date: /home/adri/magang2_ws/install/vtol/lib/vtol/suscriber_node
[0.175s] -- Up-to-date: /home/adri/magang2_ws/install/vtol/share/ament_index/resource_index/package_run_dependencies/vtol
[0.175s] -- Up-to-date: /home/adri/magang2_ws/install/vtol/share/ament_index/resource_index/parent_prefix_path/vtol
[0.175s] -- Up-to-date: /home/adri/magang2_ws/install/vtol/share/vtol/environment/ament_prefix_path.sh
[0.175s] -- Up-to-date: /home/adri/magang2_ws/install/vtol/share/vtol/environment/ament_prefix_path.dsv
[0.175s] -- Up-to-date: /home/adri/magang2_ws/install/vtol/share/vtol/environment/path.sh
[0.175s] -- Up-to-date: /home/adri/magang2_ws/install/vtol/share/vtol/environment/path.dsv
[0.175s] -- Up-to-date: /home/adri/magang2_ws/install/vtol/share/vtol/local_setup.bash
[0.175s] -- Up-to-date: /home/adri/magang2_ws/install/vtol/share/vtol/local_setup.sh
[0.175s] -- Up-to-date: /home/adri/magang2_ws/install/vtol/share/vtol/local_setup.zsh
[0.175s] -- Up-to-date: /home/adri/magang2_ws/install/vtol/share/vtol/local_setup.dsv
[0.175s] -- Installing: /home/adri/magang2_ws/install/vtol/share/vtol/package.dsv
[0.175s] -- Up-to-date: /home/adri/magang2_ws/install/vtol/share/ament_index/resource_index/packages/vtol
[0.175s] -- Up-to-date: /home/adri/magang2_ws/install/vtol/share/vtol/cmake/vtolConfig.cmake
[0.175s] -- Up-to-date: /home/adri/magang2_ws/install/vtol/share/vtol/cmake/vtolConfig-version.cmake
[0.175s] -- Up-to-date: /home/adri/magang2_ws/install/vtol/share/vtol/package.xml
[0.179s] Invoked command in '/home/adri/magang2_ws/build/vtol' returned '0': CMAKE_PREFIX_PATH=/opt/ros/humble /usr/bin/cmake --install /home/adri/magang2_ws/build/vtol
